DJX10 Datafile Contents:

[VFO A]
  146.5200

[VFO B]
  446.0000

[PMR DATA]
  PG00: **-**
  <thru>
  PG99: **-**

[PRIORITY DATA]
  Priority Frequency:  146.9600
       Priority Mode: NFM 
       Priority Step: 50 Hz   
       Priority Bank: 01
    Priority Channel: 00


[SYSTEM DATA]
        Battery Saver: On 
          Keypad Beep: Off
             Language: English 
                Clock: Off
         LCD Contrast: 13
           User Level: Expert  
     Mode Select Scan: All 
            Scan Skip: On 
           Scan Level: 00
        Channel Scope: Single    
  Scope Magnification: Normal
        Priority Mode: Busy 
            Scan Mode: Busy 
             On Timer: Off
            Off Timer: Off
         Option Level: 128

[CHANNEL DATA]
  BK:CH CHAN  FREQUENCY  MODE  STEP     SKIP   AS    AM    ATT  LABEL
  A0:00 0000: 1292.2000  NFM   25 KHz   No     No    No    No   23 cm   
  A0:01 0001:  443.6500  NFM   12.5 KHz No     No    No    No   70 cm   
  A0:02 0002:  146.9600  NFM   10 KHz   No     No    No    No   2 m     
  A0:03 0003:   53.2900  NFM   10 KHz   No     No    No    Yes  6 m     
  A0:04 0004:   28.3800  USB   1 KHz    No     No    No    No   10 m    
  A0:05 0005:   28.1070  LSB   1 KHz    No     No    No    No   10 m    
  A0:06 0006:   28.2980  CW    100 Hz   No     No    No    No   10 m    
  A0:07 0007:   21.1980  CW    100 Hz   No     No    No    No   15 m    
  A0:08 0008:    7.1480  CW    100 Hz   No     No    No    No   40 m    
  A0:09 0009:    3.7230  CW    100 Hz   No     No    No    No   80 m    
  
  A1:00 0040:  146.9600  NFM   10 KHz   No     No    No    No   W7VHY   
  A1:01 0041:  145.1100  NFM   10 KHz   No     No    No    No   N7HDH   
  A1:02 0042:  146.9000  NFM   10 KHz   No     No    No    No   W7SRZ   
  A1:03 0043:  145.3300  NFM   10 KHz   No     No    No    No   K7NWS   
  A1:04 0044:  147.1000  NFM   10 KHz   No     No    No    No   WA7NAN  
  A1:05 0045:  147.3400  NFM   10 KHz   No     No    No    No   K6RFK   
  A1:06 0046:  146.8200  NFM   10 KHz   No     No    No    No   K7LED   
  A1:07 0047:  145.3700  NFM   10 KHz   No     No    No    No   WC7AAO  
  A1:08 0048:  146.9200  NFM   10 KHz   No     No    No    No   WB7VYA  
  A1:09 0049:  146.7800  NFM   10 KHz   No     No    No    No   K7CHN   
  A1:10 0050:  147.2400  NFM   10 KHz   No     No    No    No   K7SYE   
  A1:11 0051:  147.3000  NFM   10 KHz   No     No    No    No   WA7NAN  
  A1:12 0052:  146.7200  NFM   10 KHz   No     No    No    No   N7SK    
  A1:13 0053:  145.4300  NFM   10 KHz   No     No    No    No   AA7LP   
  A1:14 0054:  146.6400  NFM   10 KHz   No     No    No    No   KB7CNN  
  A1:15 0055:  146.5600  NFM   10 KHz   No     No    No    No   Sim 1   
  A1:16 0056:  146.5800  NFM   10 KHz   No     No    No    No   Sim 2   
  A1:17 0057:  145.5900  NFM   10 KHz   No     No    No    No   Sim 3   
  A1:18 0058:  145.5700  NFM   10 KHz   No     No    No    No   Sim 4   
  A1:19 0059:  147.4800  NFM   10 KHz   No     No    No    No   Sim 5   
  A1:20 0060:  146.5200  NFM   10 KHz   No     No    No    No   Sim 6   
  A1:21 0061:  146.4400  NFM   10 KHz   No     No    No    No   Sim 9   
  
  A2:00 0080:  443.6500  NFM   12.5 KHz No     No    No    No   W7ACS   
  A2:01 0081:  443.0000  NFM   12.5 KHz No     No    No    No   W7ACS   
  A2:02 0082:  441.8000  NFM   12.5 KHz No     No    No    No   W7AW    
  A2:03 0083:  444.2250  NFM   12.5 KHz No     No    No    Yes  KC7LFW  
  A2:04 0084:  444.5250  NFM   12.5 KHz No     No    No    No   N7KGJ   
  A2:05 0085:  444.8250  NFM   12.5 KHz No     No    No    No   W7SRZ   
  A2:06 0086:  443.5500  NFM   12.5 KHz No     No    No    Yes  W7SRZ   
  A2:07 0087:  442.7750  NFM   12.5 KHz No     No    No    No   WA7TZY  
  A2:08 0088:  440.3000  NFM   12.5 KHz No     No    No    No   KC7ONX  
  A2:09 0089:  443.1250  NFM   12.5 KHz No     No    No    No   N7UMO   
  A2:10 0090:  442.6500  NFM   12.5 KHz No     No    No    No   NC7U    
  A2:11 0091:  444.7000  NFM   12.5 KHz No     No    No    No   WA7QIH  
  A2:12 0092:  445.8500  NFM   12.5 KHz No     No    No    No   Sim 1   
  A2:13 0093:  445.8750  NFM   12.5 KHz No     No    No    No   Sim 2   
  A2:14 0094:  445.9000  NFM   12.5 KHz No     No    No    No   Sim 3   
  A2:15 0095:  445.9750  NFM   12.5 KHz No     No    No    No   Sim 4   
  A2:16 0096:  446.0000  NFM   12.5 KHz No     No    No    No   Sim 5   
  A2:17 0097:  446.0250  NFM   12.5 KHz No     No    No    No   Sim 6   
  A2:18 0098:  446.0500  NFM   12.5 KHz No     No    No    No   Sim 7   
  A2:19 0099:  446.0750  NFM   12.5 KHz No     No    No    No   Sim 8   
  A2:20 0100:  446.1000  NFM   12.5 KHz No     No    No    No   Sim 9   
  
  A3:00 0120:   53.2500  NFM   10 KHz   No     No    No    Yes  W7ACS   
  A3:01 0121:   53.2900  NFM   10 KHz   No     No    No    Yes  WR7JM   
  A3:02 0122:   53.3300  NFM   10 KHz   No     No    No    Yes  N7OEP   
  A3:03 0123:   53.0500  NFM   10 KHz   No     No    No    Yes  K7YR    
  A3:04 0124:   53.1700  NFM   10 KHz   No     No    No    Yes  AA7UJ   
  A3:05 0125:   53.5500  NFM   10 KHz   No     No    No    Yes  W7SRZ   
  A3:06 0126:   53.1500  NFM   10 KHz   No     No    No    Yes  K7CR    
  A3:07 0127:   53.2100  NFM   10 KHz   No     No    No    Yes  N7NVP   
  A3:08 0128:   53.1900  NFM   10 KHz   No     No    No    Yes  K7HW    
  A3:09 0129:   53.0900  NFM   10 KHz   No     No    No    Yes  W7UMH   
  A3:10 0130:   52.9300  NFM   10 KHz   No     No    No    Yes  K7CH    
  A3:11 0131:   52.8100  NFM   10 KHz   No     No    No    Yes  N7JYW   
  A3:12 0132:   53.4700  NFM   10 KHz   No     No    No    Yes  KB7TGJ  
  A3:13 0133:   53.3900  NFM   10 KHz   No     No    No    Yes  WR7JM   
  A3:14 0134:   53.0700  NFM   10 KHz   No     No    No    Yes  WB7AAE  
  A3:15 0135:   52.5250  NFM   10 KHz   No     No    No    Yes  Sim     
  
  A4:00 0160:  462.5500  NFM   12.5 KHz No     No    No    Yes  550     
  A4:01 0161:  467.5500  NFM   12.5 KHz Yes    No    No    Yes  550     
  A4:02 0162:  462.5625  NFM   12.5 KHz No     No    No    Yes  5625/F01
  A4:03 0163:  462.5750  NFM   12.5 KHz No     No    No    Yes  575     
  A4:04 0164:  467.5750  NFM   12.5 KHz Yes    No    No    Yes  575     
  A4:05 0165:  462.5875  NFM   12.5 KHz No     No    No    Yes  5875/F02
  A4:06 0166:  462.6000  NFM   12.5 KHz No     No    No    Yes  600     
  A4:07 0167:  467.6000  NFM   12.5 KHz Yes    No    No    Yes  600     
  A4:08 0168:  462.6125  NFM   12.5 KHz No     No    No    Yes  6125/F03
  A4:09 0169:  462.6250  NFM   12.5 KHz No     No    No    Yes  625     
  A4:10 0170:  467.6250  NFM   12.5 KHz Yes    No    No    Yes  625     
  A4:11 0171:  462.6375  NFM   12.5 KHz No     No    No    Yes  6375/F04
  A4:12 0172:  462.6500  NFM   12.5 KHz No     No    No    Yes  650     
  A4:13 0173:  467.6500  NFM   12.5 KHz Yes    No    No    Yes  650     
  A4:14 0174:  462.6625  NFM   12.5 KHz No     No    No    Yes  6625/F05
  A4:15 0175:  462.6750  NFM   12.5 KHz No     No    No    Yes  675     
  A4:16 0176:  467.6750  NFM   12.5 KHz Yes    No    No    Yes  675     
  A4:17 0177:  462.6875  NFM   12.5 KHz No     No    No    Yes  6875/F06
  A4:18 0178:  462.7000  NFM   12.5 KHz No     No    No    Yes  700     
  A4:19 0179:  467.7000  NFM   12.5 KHz Yes    No    No    Yes  700     
  A4:20 0180:  462.7125  NFM   12.5 KHz No     No    No    Yes  7125/F07
  A4:21 0181:  462.7250  NFM   12.5 KHz No     No    No    Yes  725     
  A4:22 0182:  467.7250  NFM   12.5 KHz Yes    No    No    Yes  725     
  A4:23 0183:  467.5625  NFM   12.5 KHz No     No    No    Yes      /F08
  A4:24 0184:  467.5875  NFM   12.5 KHz No     No    No    Yes      /F09
  A4:25 0185:  467.6125  NFM   12.5 KHz No     No    No    Yes      /F10
  A4:26 0186:  467.6375  NFM   12.5 KHz No     No    No    Yes      /F11
  A4:27 0187:  467.6625  NFM   12.5 KHz No     No    No    Yes      /F12
  A4:28 0188:  467.6875  NFM   12.5 KHz No     No    No    Yes      /F13
  A4:29 0189:  467.7125  NFM   12.5 KHz No     No    No    Yes      /F14
  
  A5:00 0200:   27.4050  AM    10 KHz   No     No    No    No   CB 40   
  A5:01 0201:   26.9650  AM    10 KHz   No     No    No    No   CB 01   
  A5:02 0202:   26.9750  AM    10 KHz   No     No    No    No   CB 02   
  A5:03 0203:   26.9850  AM    10 KHz   No     No    No    No   CB 03   
  A5:04 0204:   27.0050  AM    10 KHz   No     No    No    No   CB 04   
  A5:05 0205:   27.0150  AM    10 KHz   No     No    No    No   CB 05   
  A5:06 0206:   27.0250  AM    10 KHz   No     No    No    No   CB 06   
  A5:07 0207:   27.0350  AM    10 KHz   No     No    No    No   CB 07   
  A5:08 0208:   27.0550  AM    10 KHz   No     No    No    No   CB 08   
  A5:09 0209:   27.0650  AM    10 KHz   No     No    No    No   CB 09   
  A5:10 0210:   27.0750  AM    10 KHz   No     No    No    No   CB 10   
  A5:11 0211:   27.0850  AM    10 KHz   No     No    No    No   CB 11   
  A5:12 0212:   27.1050  AM    10 KHz   No     No    No    No   CB 12   
  A5:13 0213:   27.1150  AM    10 KHz   No     No    No    No   CB 13   
  A5:14 0214:   27.1250  AM    10 KHz   No     No    No    No   CB 14   
  A5:15 0215:   27.1350  AM    10 KHz   No     No    No    No   CB 15   
  A5:16 0216:   27.1550  AM    10 KHz   No     No    No    No   CB 16   
  A5:17 0217:   27.1650  AM    10 KHz   No     No    No    No   CB 17   
  A5:18 0218:   27.1750  AM    10 KHz   No     No    No    No   CB 18   
  A5:19 0219:   27.1850  AM    10 KHz   No     No    No    No   CB 19   
  A5:20 0220:   27.2050  AM    10 KHz   No     No    No    No   CB 20   
  A5:21 0221:   27.2150  AM    10 KHz   No     No    No    No   CB 21   
  A5:22 0222:   27.2250  AM    10 KHz   No     No    No    No   CB 22   
  A5:23 0223:   27.2550  AM    10 KHz   No     No    No    No   CB 23   
  A5:24 0224:   27.2350  AM    10 KHz   No     No    No    No   CB 24   
  A5:25 0225:   27.2450  AM    10 KHz   No     No    No    No   CB 25   
  A5:26 0226:   27.2650  AM    10 KHz   No     No    No    No   CB 26   
  A5:27 0227:   27.2750  AM    10 KHz   No     No    No    No   CB 27   
  A5:28 0228:   27.2850  AM    10 KHz   No     No    No    No   CB 28   
  A5:29 0229:   27.2950  AM    10 KHz   No     No    No    No   CB 29   
  A5:30 0230:   27.3050  AM    10 KHz   No     No    No    No   CB 30   
  A5:31 0231:   27.3150  AM    10 KHz   No     No    No    No   CB 31   
  A5:32 0232:   27.3250  AM    10 KHz   No     No    No    No   CB 32   
  A5:33 0233:   27.3350  AM    10 KHz   No     No    No    No   CB 33   
  A5:34 0234:   27.3450  AM    10 KHz   No     No    No    No   CB 34   
  A5:35 0235:   27.3550  AM    10 KHz   No     No    No    No   CB 35   
  A5:36 0236:   27.3650  AM    10 KHz   No     No    No    No   CB 36   
  A5:37 0237:   27.3750  AM    10 KHz   No     No    No    No   CB 37   
  A5:38 0238:   27.3850  AM    10 KHz   No     No    No    No   CB 38   
  A5:39 0239:   27.3950  AM    10 KHz   No     No    No    No   CB 39   
  A6:00 0240:  122.9500  AM    25 KHz   No     No    No    No   UNICOM  
  A6:01 0241:  118.8000  AM    25 KHz   No     No    No    No   SEA ATIS
  A6:02 0242:  121.7000  AM    25 KHz   No     No    No    No   Ground  
  A6:03 0243:  119.9000  AM    25 KHz   No     No    No    No   Tower   
  A6:04 0244:  239.3000  AM    25 KHz   No     No    No    No   Tower   
  A6:05 0245:  119.2000  AM    25 KHz   No     No    No    No   App/Dpt 
  A6:06 0246:  120.1000  AM    25 KHz   No     No    No    No   App/Dpt 
  A6:07 0247:  120.4000  AM    25 KHz   No     No    No    No   App/Dpt 
  A6:08 0248:  125.9000  AM    25 KHz   No     No    No    No   App/Dpt 
  A6:09 0249:  126.5000  AM    25 KHz   No     No    No    No   App/Dpt 
  A6:10 0250:  284.7000  AM    25 KHz   No     No    No    No   App/Dpt 
  A6:11 0251:  290.9000  AM    25 KHz   No     No    No    No   App/Dpt 
  A6:12 0252:  391.9000  AM    25 KHz   No     No    No    No   App/Dpt 
  A6:13 0253:  395.0000  AM    25 KHz   No     No    No    No   App/Dpt 
  A6:14 0254:  123.9000  AM    25 KHz   No     No    No    No   App/Dpt 
  A6:15 0255:  338.2000  AM    25 KHz   No     No    No    No   App/Dpt 
  A6:16 0256:  395.0000  AM    25 KHz   No     No    No    No   App/Dpt 
  A6:17 0257:  128.0000  AM    25 KHz   No     No    No    No   Clearnce
  A6:18 0258:  133.6500  AM    25 KHz   No     No    No    No   Extra   
  A6:19 0259:  121.5000  AM    25 KHz   No     No    No    No   Emergncy
  A6:20 0260:  243.0000  AM    25 KHz   No     No    No    No   Emergncy
  A6:21 0261:  126.2500  AM    25 KHz   No     No    No    No   Gate Ctl
  A6:22 0262:  127.7500  AM    25 KHz   No     No    No    No   BFI ATIS
  A6:23 0263:  121.9000  AM    25 KHz   No     No    No    No   BFI Gnd 
  A6:24 0264:  118.3000  AM    25 KHz   No     No    No    No   BFI Towr
  A6:25 0265:  120.6000  AM    25 KHz   No     No    No    No   BFI Towr
  A6:26 0266:  257.8000  AM    25 KHz   No     No    No    No   BFI Towr
  A6:27 0267:  132.4000  AM    25 KHz   No     No    No    No   BFI Clrn
  A6:28 0268:  123.5500  AM    25 KHz   No     No    No    No   BoeingCo
  A6:29 0269:  126.5500  AM    25 KHz   No     No    No    No   NonJet  
  
  A7:00 0280:  156.0500  NFM   25 KHz   No     No    No    No   Mar 01/s
  A7:01 0281:  160.6500  NFM   25 KHz   No     No    No    No   Mar 01/c
  A7:02 0282:  156.1000  NFM   25 KHz   No     No    No    No   Mar 02/s
  A7:03 0283:  160.7000  NFM   25 KHz   No     No    No    No   Mar 02/c
  A7:04 0284:  156.1500  NFM   25 KHz   No     No    No    No   Mar 03/s
  A7:05 0285:  160.7500  NFM   25 KHz   No     No    No    No   Mar 03/c
  A7:06 0286:  156.2000  NFM   25 KHz   No     No    No    No   Mar 04/s
  A7:07 0287:  160.8000  NFM   25 KHz   No     No    No    No   Mar 04/c
  A7:08 0288:  156.2500  NFM   25 KHz   No     No    No    No   Mar 05/s
  A7:09 0289:  160.8500  NFM   25 KHz   No     No    No    No   Mar 05/c
  A7:10 0290:  156.3000  NFM   25 KHz   No     No    No    No   Mar 06  
  A7:11 0291:  156.3500  NFM   25 KHz   No     No    No    No   Mar 07/s
  A7:12 0292:  160.9500  NFM   25 KHz   No     No    No    No   Mar 07/c
  A7:13 0293:  156.4000  NFM   25 KHz   No     No    No    No   Mar 08  
  A7:14 0294:  156.4500  NFM   25 KHz   No     No    No    No   Mar 09  
  A7:15 0295:  156.5000  NFM   25 KHz   No     No    No    No   Mar 10  
  A7:16 0296:  156.5500  NFM   25 KHz   No     No    No    No   Mar 11  
  A7:17 0297:  156.6000  NFM   25 KHz   No     No    No    No   Mar 12  
  A7:18 0298:  156.6500  NFM   25 KHz   No     No    No    No   Mar 13  
  A7:19 0299:  156.7000  NFM   25 KHz   No     No    No    No   Mar 14  
  A7:20 0300:  156.7500  NFM   25 KHz   No     No    No    No   Mar 15  
  A7:21 0301:  156.8000  NFM   25 KHz   No     No    No    No   Mar 16 *
  A7:22 0302:  156.8500  NFM   25 KHz   No     No    No    No   Mar 17  
  A7:23 0303:  156.9000  NFM   25 KHz   No     No    No    No   Mar 18/s
  A7:24 0304:  161.5000  NFM   25 KHz   No     No    No    No   Mar 18/c
  A7:25 0305:  156.9500  NFM   25 KHz   No     No    No    No   Mar 19/s
  A7:26 0306:  161.5500  NFM   25 KHz   No     No    No    No   Mar 19/c
  A7:27 0307:  157.0000  NFM   25 KHz   No     No    No    No   Mar 20/s
  A7:28 0308:  161.6000  NFM   25 KHz   No     No    No    No   Mar 20/c
  A7:29 0309:  157.0500  NFM   25 KHz   No     No    No    No   Mar 21/s
  A7:30 0310:  161.6500  NFM   25 KHz   No     No    No    No   Mar 21/c
  A7:31 0311:  157.1000  NFM   25 KHz   No     No    No    No   Mar 22/s
  A7:32 0312:  161.7000  NFM   25 KHz   No     No    No    No   Mar 22/c
  A7:33 0313:  157.1500  NFM   25 KHz   No     No    No    No   Mar 23/s
  A7:34 0314:  161.7500  NFM   25 KHz   No     No    No    No   Mar 23/c
  A7:35 0315:  157.2000  NFM   25 KHz   No     No    No    No   Mar 24/s
  A7:36 0316:  161.8000  NFM   25 KHz   No     No    No    No   Mar 24/c
  A7:37 0317:  157.2500  NFM   25 KHz   No     No    No    No   Mar 25/s
  A7:38 0318:  161.8500  NFM   25 KHz   No     No    No    No   Mar 25/c
  A8:00 0320:  157.3000  NFM   25 KHz   No     No    No    No   Mar 26/s
  A8:01 0321:  161.9000  NFM   25 KHz   No     No    No    No   Mar 26/c
  A8:02 0322:  157.3500  NFM   25 KHz   No     No    No    No   Mar 27/s
  A8:03 0323:  161.9500  NFM   25 KHz   No     No    No    No   Mar 27/c
  A8:04 0324:  157.4000  NFM   25 KHz   No     No    No    No   Mar 28/s
  A8:05 0325:  162.0000  NFM   25 KHz   No     No    No    No   Mar 28/c
  A8:06 0326:  156.0250  NFM   25 KHz   No     No    No    No   Mar 60/s
  A8:07 0327:  160.6250  NFM   25 KHz   No     No    No    No   Mar 60/c
  A8:08 0328:  156.0750  NFM   25 KHz   No     No    No    No   Mar 61/s
  A8:09 0329:  160.6750  NFM   25 KHz   No     No    No    No   Mar 61/c
  A8:10 0330:  156.1250  NFM   25 KHz   No     No    No    No   Mar 62/s
  A8:11 0331:  160.7250  NFM   25 KHz   No     No    No    No   Mar 62/c
  A8:12 0332:  156.1750  NFM   25 KHz   No     No    No    No   Mar 63/s
  A8:13 0333:  160.7750  NFM   25 KHz   No     No    No    No   Mar 63/c
  A8:14 0334:  156.2250  NFM   25 KHz   No     No    No    No   Mar 64/s
  A8:15 0335:  160.8250  NFM   25 KHz   No     No    No    No   Mar 64/c
  A8:16 0336:  156.2750  NFM   25 KHz   No     No    No    No   Mar 65/s
  A8:17 0337:  160.8750  NFM   25 KHz   No     No    No    No   Mar 65/c
  A8:18 0338:  156.3250  NFM   25 KHz   No     No    No    No   Mar 66/s
  A8:19 0339:  160.9250  NFM   25 KHz   No     No    No    No   Mar 66/c
  A8:20 0340:  156.3750  NFM   25 KHz   No     No    No    No   Mar 67  
  A8:21 0341:  156.4250  NFM   25 KHz   No     No    No    No   Mar 68  
  A8:22 0342:  156.4750  NFM   25 KHz   No     No    No    No   Mar 69  
  A8:23 0343:  156.5750  NFM   25 KHz   No     No    No    No   Mar 71  
  A8:24 0344:  156.6250  NFM   25 KHz   No     No    No    No   Mar 72  
  A8:25 0345:  156.6750  NFM   25 KHz   No     No    No    No   Mar 73  
  A8:26 0346:  156.7250  NFM   25 KHz   No     No    No    No   Mar 74  
  A8:27 0347:  156.8750  NFM   25 KHz   No     No    No    No   Mar 77  
  A8:28 0348:  156.9250  NFM   25 KHz   No     No    No    No   Mar 78/s
  A8:29 0349:  161.5250  NFM   25 KHz   No     No    No    No   Mar 78/c
  A8:30 0350:  156.9750  NFM   25 KHz   No     No    No    No   Mar 79/s
  A8:31 0351:  161.5750  NFM   25 KHz   No     No    No    No   Mar 79/c
  A8:32 0352:  157.0250  NFM   25 KHz   No     No    No    No   Mar 80/s
  A8:33 0353:  161.6250  NFM   25 KHz   No     No    No    No   Mar 80/c
  A8:34 0354:  157.0750  NFM   25 KHz   No     No    No    No   Mar 81/s
  A8:35 0355:  161.6750  NFM   25 KHz   No     No    No    No   Mar 81/c
  A8:36 0356:  157.1250  NFM   25 KHz   No     No    No    No   Mar 82/s
  A8:37 0357:  161.7250  NFM   25 KHz   No     No    No    No   Mar 82/c
  A8:38 0358:  157.1750  NFM   25 KHz   No     No    No    No   Mar 83/s
  A8:39 0359:  161.7750  NFM   25 KHz   No     No    No    No   Mar 83/c
  A9:00 0360:  157.2250  NFM   25 KHz   No     No    No    No   Mar 84/s
  A9:01 0361:  161.8250  NFM   25 KHz   No     No    No    No   Mar 84/c
  A9:02 0362:  157.2750  NFM   25 KHz   No     No    No    No   Mar 85/s
  A9:03 0363:  161.8750  NFM   25 KHz   No     No    No    No   Mar 85/c
  A9:04 0364:  157.3250  NFM   25 KHz   No     No    No    No   Mar 86/s
  A9:05 0365:  161.9250  NFM   25 KHz   No     No    No    No   Mar 86/c
  A9:06 0366:  157.3750  NFM   25 KHz   No     No    No    No   Mar 87/s
  A9:07 0367:  161.9750  NFM   25 KHz   No     No    No    No   Mar 87/c
  A9:08 0368:  157.4250  NFM   25 KHz   No     No    No    No   Mar 88/s
  A9:09 0369:  162.0250  NFM   25 KHz   No     No    No    No   Mar 88/c
  A9:10 0370:  161.6500  NFM   25 KHz   Yes    No    No    No   WX      
  A9:11 0371:  161.7750  NFM   25 KHz   Yes    No    No    No   WX      
  A9:12 0372:  162.4000  NFM   25 KHz   Yes    No    No    No   WX A    
  A9:13 0373:  162.4250  NFM   25 KHz   Yes    No    No    No   WX B    
  A9:14 0374:  162.4500  NFM   25 KHz   Yes    No    No    No   WX C    
  A9:15 0375:  162.4750  NFM   25 KHz   Yes    No    No    No   WX D    
  A9:16 0376:  162.5000  NFM   25 KHz   Yes    No    No    No   WX E    
  A9:17 0377:  162.5250  NFM   25 KHz   Yes    No    No    No   WX F    
  A9:18 0378:  162.5500  NFM   25 KHz   Yes    No    No    No   WX G    
  A9:19 0379:  163.2750  NFM   25 KHz   Yes    No    No    No   WX      
 
  B0:00 0400:    0.5700  AM    10 KHz   No     No    No    No   KVI     
  B0:01 0401:    0.7100  AM    10 KHz   No     No    No    No   KIRO    
  B0:02 0402:    0.7700  AM    10 KHz   No     No    No    No   KNWX    
  B0:03 0403:    0.8200  AM    10 KHz   No     No    No    No   KGNW    
  B0:04 0404:    0.8800  AM    10 KHz   No     No    No    No   KIXI    
  B0:05 0405:    0.9500  AM    10 KHz   No     No    No    No   KJR     
  B0:06 0406:    0.1000  AM    10 KHz   No     No    No    No   KOMO    
  B0:07 0407:    0.1050  AM    10 KHz   No     No    No    No   KBLE    
  B0:08 0408:    0.1090  AM    10 KHz   No     No    No    No   KRPM    
  B0:09 0409:    0.1150  AM    10 KHz   No     No    No    No   KSRB    
  B0:10 0410:    0.1250  AM    10 KHz   No     No    No    No   KKDZ    
  B0:11 0411:    0.1300  AM    10 KHz   No     No    No    No   KKOL    
  B0:12 0412:    0.1590  AM    10 KHz   No     No    No    No   KLFE    
  B0:13 0413:    0.1680  AM    10 KHz   No     No    No    No   KAZJ    
  B0:14 0414:   71.7500  WFM   500 KHz  No     No    No    Yes  KOMO TV 
  B0:15 0415:   81.7600  WFM   500 KHz  No     No    No    Yes  KING TV 
  B0:16 0416:   88.1000  WFM   200 KHz  No     No    No    Yes  KPLU FM 
  B0:17 0417:   89.5000  WFM   200 KHz  No     No    No    Yes  KNHC FM 
  B0:18 0418:   90.3000  WFM   200 KHz  No     No    No    Yes  KCMU FM 
  B0:19 0419:   91.3000  WFM   200 KHz  No     No    No    No   KBCS FM 
  B0:20 0420:   93.3000  WFM   200 KHz  No     No    No    Yes  KUBE FM 
  B0:21 0421:   94.1000  WFM   200 KHz  No     No    No    Yes  KMPS FM 
  B0:22 0422:   94.9000  WFM   200 KHz  No     No    No    Yes  KUOW FM 
  B0:23 0423:   95.7000  WFM   200 KHz  No     No    No    Yes  KJR  FM 
  B0:24 0424:   96.5000  WFM   200 KHz  No     No    No    Yes  KYCW FM 
  B0:25 0425:   98.1000  WFM   200 KHz  No     No    No    Yes  KING FM 
  B0:26 0426:   98.9000  WFM   200 KHz  No     No    No    Yes  KWJZ FM 
  B0:27 0427:   99.9000  WFM   200 KHz  No     No    No    Yes  KISW FM 
  B0:28 0428:  100.7000  WFM   200 KHz  No     No    No    Yes  KIRO FM 
  B0:29 0429:  101.5000  WFM   200 KHz  No     No    No    Yes  KPLZ FM 
  B0:30 0430:  102.5000  WFM   200 KHz  No     No    No    Yes  KZOK FM 
  B0:31 0431:  103.7000  WFM   200 KHz  No     No    No    Yes  KMTT FM 
  B0:32 0432:  107.7000  WFM   200 KHz  No     No    No    Yes  KNDD FM 
  B0:33 0433:  179.7500  WFM   500 KHz  No     No    No    Yes  KIRO TV 
  B0:34 0434:  191.7500  WFM   500 KHz  No     No    No    Yes  KCTS TV 
  B0:35 0435:  203.7500  WFM   500 KHz  No     No    No    Yes  KSTW TV 
  B0:36 0436:  215.7400  WFM   500 KHz  No     No    No    Yes  KCPQ TV 
  B0:37 0437:  487.7500  WFM   500 KHz  No     No    No    Yes  KONG TV 
  B0:38 0438:  523.7500  WFM   500 KHz  No     No    No    Yes  KTZZ TV 
  
  B1:00 0440:    2.5000  AM    5 KHz    Yes    No    No    No   WWV     
  B1:01 0441:    5.0000  AM    5 KHz    Yes    No    No    No   WWV     
  B1:02 0442:   10.0000  AM    5 KHz    Yes    No    No    No   WWV     
  B1:03 0443:   15.0000  AM    5 KHz    Yes    No    No    No   WWV     
  B1:04 0444:   20.0000  AM    5 KHz    Yes    No    No    No   WWV     
  B1:05 0445:    3.3300  AM    5 KHz    Yes    No    No    No   CHU     
  B1:06 0446:    7.3350  AM    5 KHz    Yes    No    No    No   CHU     
  B1:07 0447:   14.6700  AM    5 KHz    Yes    No    No    No   CHU     
  B1:08 0448:   14.1000  CW    100 Hz   No     Yes   No    Yes  Beacon20
  B1:09 0449:   18.1100  CW    100 Hz   No     Yes   No    Yes  Beacon17
  B1:10 0450:   21.1500  CW    100 Hz   No     Yes   No    Yes  Beacon15
  B1:11 0451:   24.9300  CW    100 Hz   No     Yes   No    Yes  Beacon12
  B1:12 0452:   28.2000  CW    100 Hz   No     Yes   No    Yes  Beacon10
  
  B2:00 0480:    5.9650  AM    5 KHz    No     No    No    No   BBC     
  B2:01 0481:    5.9750  AM    5 KHz    No     No    No    No   BBC     
  B2:02 0482:    6.1750  AM    5 KHz    No     No    No    No   BBC     
  B2:03 0483:    6.1850  AM    5 KHz    No     No    No    No   BBC     
  B2:04 0484:    6.1950  AM    5 KHz    No     No    No    No   BBC     
  B2:05 0485:    9.5150  AM    5 KHz    No     No    No    No   BBC     
  B2:06 0486:    9.5900  AM    5 KHz    No     No    No    No   BBC     
  B2:07 0487:    9.7000  AM    5 KHz    No     No    No    No   RNZI    
  B2:08 0488:   15.2200  AM    5 KHz    No     No    No    No   BBC     
  B2:09 0489:   17.8400  AM    5 KHz    No     No    No    No   BBC     
  
  C0:00 0800:  151.6250  NFM   Auto     No     No    No    Yes  Red Dot 
  C0:01 0801:  151.9550  NFM   Auto     No     No    No    Yes  Purple  
  C0:02 0802:  154.5700  NFM   Auto     No     No    No    Yes  Blue    
  C0:03 0803:  154.6000  NFM   Auto     No     No    No    Yes  Green   
  C0:04 0804:  462.5750  NFM   Auto     No     No    No    Yes  White   
  C0:05 0805:  464.5000  NFM   Auto     No     No    No    Yes  Yellow  
  C0:06 0806:  464.5500  NFM   Auto     No     No    No    Yes  Brown   
  C0:07 0807:  467.7625  NFM   Auto     No     No    No    Yes  J Dot   
  C0:08 0808:  467.8125  NFM   Auto     No     No    No    Yes  K Dot   
  C0:09 0809:  467.8500  NFM   Auto     No     No    No    Yes  Silver *
  C0:10 0810:  467.8750  NFM   Auto     No     No    No    Yes  Gold *  
  C0:11 0811:  467.9000  NFM   Auto     No     No    No    Yes  Red *   
  C0:12 0812:  467.9250  NFM   Auto     No     No    No    Yes  Blue *  
  
  C1:01 0841:  452.6500  NFM   25 KHz   No     No    No    Yes  Metro 1 
  C1:02 0842:  452.7250  NFM   25 KHz   No     No    No    Yes  Metro 2 
  C1:03 0843:  453.3750  NFM   25 KHz   No     No    No    Yes  Metro 3 
  C1:04 0844:  452.2750  NFM   25 KHz   No     No    No    Yes  Metro 4 
  C1:05 0845:  452.8000  NFM   25 KHz   Yes    No    No    Yes  Metro 5 
  C1:06 0846:  453.8250  NFM   25 KHz   Yes    No    No    Yes  Metro 6 
  C1:07 0847:  453.5250  NFM   25 KHz   No     No    No    Yes  Metro 7 
  C1:08 0848:  452.3500  NFM   25 KHz   No     No    No    Yes  Metro 8 
  C1:09 0849:  452.5500  NFM   25 KHz   Yes    No    No    Yes  Metro 9 
  C1:10 0850:  452.3750  NFM   25 KHz   Yes    No    No    Yes  Metro 10
  C1:11 0851:  457.6500  NFM   25 KHz   No     No    No    Yes  Metro 1m
  C1:12 0852:  457.7250  NFM   25 KHz   No     No    No    Yes  Metro 2m
  C1:13 0853:  458.3750  NFM   25 KHz   No     No    No    Yes  Metro 3m
  C1:14 0854:  457.2750  NFM   25 KHz   No     No    No    Yes  Metro 4m
  C1:15 0855:  457.8000  NFM   25 KHz   Yes    No    No    Yes  Metro 5m
  C1:16 0856:  458.8250  NFM   25 KHz   Yes    No    No    Yes  Metro 6m
  C1:17 0857:  458.5250  NFM   25 KHz   No     No    No    Yes  Metro 7m
  C1:18 0858:  457.3500  NFM   25 KHz   No     No    No    Yes  Metro 8m
  C1:19 0859:  457.5500  NFM   25 KHz   Yes    No    No    Yes  Metro 9m
  C1:20 0860:  457.3750  NFM   25 KHz   Yes    No    No    Yes  Metro10m
  
  C2:00 0880:  868.8750  NFM   12.5 KHz No     No    No    No   County  
  C2:01 0881:  868.6750  NFM   12.5 KHz No     No    No    No   County  
  C2:02 0882:  868.4750  NFM   12.5 KHz No     No    No    No   County  
  C2:03 0883:  868.1750  NFM   12.5 KHz Yes    No    No    No   County/D
  C2:04 0884:  867.7875  NFM   12.5 KHz No     No    No    No   County  
  C2:05 0885:  867.7625  NFM   12.5 KHz No     No    No    No   County  
  C2:06 0886:  867.2875  NFM   12.5 KHz No     No    No    No   County  
  C2:07 0887:  866.8875  NFM   12.5 KHz No     No    No    No   County  
  C2:08 0888:  866.7375  NFM   12.5 KHz No     No    No    No   County  
  C2:09 0889:  866.7125  NFM   12.5 KHz No     No    No    No   County  
  C2:10 0890:  866.6875  NFM   12.5 KHz No     No    No    No   County  
  C2:11 0891:  866.4375  NFM   12.5 KHz No     No    No    No   County  
  C2:12 0892:  866.3375  NFM   12.5 KHz No     No    No    No   County  
  C2:13 0893:  866.3125  NFM   12.5 KHz No     No    No    No   County  
  C2:14 0894:  866.2875  NFM   12.5 KHz No     No    No    No   County  
  C2:15 0895:  854.3625  NFM   12.5 KHz No     No    No    No   County  
  C2:16 0896:  854.1875  NFM   12.5 KHz No     No    No    No   County  
  C2:17 0897:  853.4375  NFM   12.5 KHz No     No    No    No   County  
  C2:18 0898:  852.9125  NFM   12.5 KHz No     No    No    No   County  
  C2:19 0899:  852.6875  NFM   12.5 KHz No     No    No    No   County  
  C2:20 0900:  852.1625  NFM   12.5 KHz No     No    No    No   County  
  C2:21 0901:  851.9875  NFM   12.5 KHz No     No    No    No   County  
  C2:22 0902:  851.9375  NFM   12.5 KHz No     No    No    No   County  
  C2:23 0903:  851.4125  NFM   12.5 KHz No     No    No    No   County  
  C2:24 0904:  851.1875  NFM   12.5 KHz No     No    No    No   County  

[PMS DATA]
  P0     0.5400     1.7000  AM    10 KHz    AM radio
  P1    87.9000   108.1000  WFM   200 KHz   FM radio
  P2     1.8000     2.0000  LSB   1 KHz     160 m   
  P3     3.5000     4.0000  LSB   1 KHz     80/75 m 
  P4     7.0000     7.3000  USB   1 KHz     40 m    
  P5    10.1000    10.1500  USB   1 KHz     30 m    
  P6    14.0000    14.3500  USB   1 KHz     20 m    
  P7    18.1680    18.2680  USB   1 KHz     17 m    
  P8    21.0000    21.4500  USB   1 KHz     15 m    
  P9    24.8900    24.9900  USB   1 KHz     12 m    
  p0   118.0000   137.0000  AM    25 KHz    Air     
  p1    28.0000    29.7000  USB   1 KHz     10 m    
  p2    50.0000    54.0000  NFM   1 KHz     6 m     
  p3   144.0000   148.0000  NFM   1 KHz     2 m     
  p4   220.0000   225.0000  NFM   1 KHz     1.25 m  
  p5   420.0000   450.0000  NFM   25 KHz    70 cm   
  p6   902.0000   928.0000  NFM   1 KHz     33 cm   
  p7  1240.0000  1300.0000  NFM   25 KHz    23 cm   


[MR LINK TABLE]
  A0 A1 A2 A3 
  
[BANDPLAN]
  SLOT FREQUENCY  MODE  STEP      FILTER  BANDFLAG   RESERVED
  000     0.1000  AM    1 KHz     1       01h        000 01h
  001     0.5200  AM    10 KHz    1       01h        001 01h
  002     1.8000  CW    100 Hz    1       01h        002 01h
  003     1.8300  LSB   100 Hz    1       01h        003 01h
  004     2.3000  AM    5 KHz     1       01h        004 01h
  005     3.2000  AM    5 KHz     1       01h        005 01h
  006     3.5000  CW    100 Hz    1       01h        006 01h
  007     3.7500  LSB   100 Hz    1       01h        007 01h
  008     4.7500  AM    5 KHz     1       01h        008 01h
  009     5.7300  AM    5 KHz     1       01h        009 01h
  010     6.8900  AM    5 KHz     1       01h        010 01h
  011     7.0000  CW    100 Hz    1       01h        011 01h
  012     7.1500  USB   100 Hz    1       01h        012 01h
  013     7.3000  AM    5 KHz     1       01h        013 01h
  014     9.2500  AM    5 KHz     1       01h        014 01h
  015    10.1000  CW    100 Hz    1       01h        015 01h
  016    11.5000  AM    5 KHz     1       01h        016 01h
  017    13.5700  AM    5 KHz     1       01h        017 01h
  018    14.0000  CW    100 Hz    1       01h        018 01h
  019    14.1500  USB   100 Hz    1       01h        019 01h
  020    15.0300  AM    5 KHz     1       01h        020 01h
  021    17.4800  AM    5 KHz     1       01h        021 01h
  022    18.0680  CW    100 Hz    1       01h        022 01h
  023    18.1100  USB   100 Hz    1       01h        023 01h
  024    18.9000  AM    5 KHz     1       01h        024 01h
  025    21.0000  CW    100 Hz    1       01h        025 01h
  026    21.2000  USB   100 Hz    1       01h        026 01h
  027    21.4500  AM    5 KHz     1       01h        027 01h
  028    24.8900  CW    100 Hz    1       01h        028 01h
  029    24.9300  USB   100 Hz    1       01h        029 01h
  030    25.6700  AM    5 KHz     1       01h        030 01h
  031    26.9650  AM    10 KHz    1       01h        031 01h
  032    28.0000  CW    100 Hz    1       01h        032 01h
  033    28.3000  USB   100 Hz    1       01h        033 01h
  034    29.0000  NFM   1 KHz     1       01h        034 01h
  035    30.0000  NFM   1 KHz     2       01h        035 01h
  036    50.0000  CW    100 Hz    2       01h        036 01h
  037    50.1000  USB   100 Hz    2       01h        037 01h
  038    51.1000  NFM   20 KHz    2       01h        038 01h
  039    54.0000  WFM   100 KHz   2       01h        039 01h
  040    72.0000  NFM   10 KHz    2       01h        040 01h
  041    76.0000  WFM   100 KHz   2       01h        041 01h
  042    87.9000  WFM   200 KHz   2       01h        042 01h
  043   108.0000  AM    25 KHz    3       01h        043 01h
  044   136.0500  NFM   1 KHz     3       01h        044 01h
  045   138.0000  AM    25 KHz    3       01h        045 01h
  046   142.0000  NFM   20 KHz    3       01h        046 01h
  047   144.0000  CW    100 Hz    3       01h        047 01h
  048   144.1000  USB   100 Hz    3       01h        048 01h
  049   144.5100  NFM   20 KHz    3       01h        049 01h
  050   145.9900  NFM   10 KHz    3       01h        050 01h
  051   146.1000  NFM   20 KHz    3       01h        051 01h
  052   148.0000  NFM   25 KHz    3       01h        052 01h
  053   170.0000  NFM   25 KHz    4       01h        053 01h
  054   174.0000  WFM   25 KHz    4       01h        054 01h
  055   220.0000  NFM   20 KHz    4       01h        055 01h
  056   222.0000  NFM   25 KHz    5       01h        056 01h
  057   225.0000  NFM   25 KHz    5       01h        057 01h
  058   300.0000  AM    100 KHz   5       01h        058 01h
  059   400.0000  NFM   25 KHz    5       01h        059 01h
  060   420.0000  WFM   25 KHz    5       01h        060 01h
  061   432.0000  USB   10 KHz    5       01h        061 01h
  062   432.3300  NFM   25 KHz    5       01h        062 01h
  063   435.0000  USB   10 KHz    5       01h        063 01h
  064   438.0000  NFM   25 KHz    5       01h        064 01h
  065   450.0000  NFM   25 KHz    5       00h        065 01h
  066   470.0000  WFM   25 KHz    6       00h        066 01h
  067   797.0000  NFM   25 KHz    7       00h        067 01h
  068   806.0000  NFM   12.5 KHz  7       60h        068 01h
  069   824.1000  NFM   30 KHz    7       60h        069 01h
  070   851.0000  NFM   12.5 KHz  7       40h        070 01h
  071   869.1000  NFM   30 KHz    7       40h        071 01h
  072   896.0000  NFM   25 KHz    7       00h        072 01h
  073   902.0000  USB   10 KHz    7       00h        073 01h
  074   904.0000  NFM   25 KHz    7       00h        074 01h
  075   928.0000  NFM   25 KHz    7       00h        075 01h
  076  1240.0000  NFM   25 KHz    7       02h        076 01h
  077  1260.0000  USB   10 KHz    7       02h        077 01h
  078  1270.0000  NFM   25 KHz    7       02h        078 01h
  079  1295.0000  USB   10 KHz    7       02h        079 01h
  080  1300.0000  NFM   25 KHz    7       02h        080 01h
  081  1500.0000  NFM   25 KHz    7       03h        081 01h
  082  2000.0000  NFM   25 KHz    7       03h        082 01h
  083  1999.9999  All   Auto      1       00h        083 01h
  084  1999.9999  All   Auto      1       00h        084 01h
  085  1999.9999  All   Auto      1       00h        085 01h
  086  1999.9999  All   Auto      1       00h        086 01h
  087  1999.9999  All   Auto      1       00h        087 01h
  088  1999.9999  All   Auto      1       00h        088 01h
  089  1999.9999  All   Auto      1       00h        089 01h
  090  1999.9999  All   Auto      1       00h        090 01h
  091  1999.9999  All   Auto      1       00h        091 01h
  092  1999.9999  All   Auto      1       00h        092 01h
  093  1999.9999  All   Auto      1       00h        093 01h
  094  1999.9999  All   Auto      1       00h        094 01h
  095  1999.9999  All   Auto      1       00h        095 01h
  096  1999.9999  All   Auto      1       00h        096 01h
  097  1999.9999  All   Auto      1       00h        097 01h
  098  1999.9999  All   Auto      1       00h        098 01h
  099  1999.9999  All   Auto      1       00h        099 81h

[OPENING BANNER]
        KD7DVDChris Osburn206-522-4496ì¿Àx

