This is pdfeTeX, Version 3.141592-1.21a-2.2 (Web2C 7.5.4) (format=pdflatex 2006.7.10)  2 APR 2007 19:25
entering extended mode
**proceedings.ltx
(./proceedings.ltx
LaTeX2e <2003/12/01>
Babel <v3.8d> and hyphenation patterns for american, french, german, ngerman, b
ahasa, basque, bulgarian, catalan, croatian, czech, danish, dutch, esperanto, e
stonian, finnish, greek, icelandic, irish, italian, latin, magyar, norsk, polis
h, portuges, romanian, russian, serbian, slovak, slovene, spanish, swedish, tur
kish, ukrainian, nohyphenation, loaded.
(/usr/local/share/texmf/tex/latex/base/book.cls
Document Class: book 2004/02/16 v1.4f Standard LaTeX document class
(/usr/local/share/texmf/tex/latex/base/bk10.clo
File: bk10.clo 2004/02/16 v1.4f Standard LaTeX file (size option)
)
\c@part=\count79
\c@chapter=\count80
\c@section=\count81
\c@subsection=\count82
\c@subsubsection=\count83
\c@paragraph=\count84
\c@subparagraph=\count85
\c@figure=\count86
\c@table=\count87
\abovecaptionskip=\skip41
\belowcaptionskip=\skip42
\bibindent=\dimen102
)
(/usr/local/share/texmf/tex/latex/pdfpages/pdfpages.sty
Package: pdfpages 2004/01/31 v0.3e Insert pages of external PDF documents (AM)

(/usr/local/share/texmf/tex/latex/base/ifthen.sty
Package: ifthen 2001/05/26 v1.1c Standard LaTeX ifthen package (DPC)
)
(/usr/local/share/texmf/tex/latex/graphics/graphicx.sty
Package: graphicx 1999/02/16 v1.0f Enhanced LaTeX Graphics (DPC,SPQR)

(/usr/local/share/texmf/tex/latex/graphics/keyval.sty
Package: keyval 1999/03/16 v1.13 key=value parser (DPC)
\KV@toks@=\toks14
)
(/usr/local/share/texmf/tex/latex/graphics/graphics.sty
Package: graphics 2001/07/07 v1.0n Standard LaTeX Graphics (DPC,SPQR)

(/usr/local/share/texmf/tex/latex/graphics/trig.sty
Package: trig 1999/03/16 v1.09 sin cos tan (DPC)
)
(/usr/local/share/texmf/tex/latex/graphics/graphics.cfg
File: graphics.cfg 2005/02/03 v1.3 graphics configuration of teTeX/TeXLive
)
Package graphics Info: Driver file: pdftex.def on input line 80.

(/usr/local/share/texmf/tex/latex/graphics/pdftex.def
File: pdftex.def 2002/06/19 v0.03k graphics/color for pdftex
\Gread@gobject=\count88
))
\Gin@req@height=\dimen103
\Gin@req@width=\dimen104
)
(/usr/local/share/texmf/tex/latex/tools/calc.sty
Package: calc 1998/07/07 v4.1b Infix arithmetic (KKT,FJ)
\calc@Acount=\count89
\calc@Bcount=\count90
\calc@Adimen=\dimen105
\calc@Bdimen=\dimen106
\calc@Askip=\skip43
\calc@Bskip=\skip44
LaTeX Info: Redefining \setlength on input line 59.
LaTeX Info: Redefining \addtolength on input line 60.
\calc@denominator=\count91
)
(/usr/local/share/texmf/tex/latex/eso-pic/eso-pic.sty
Package: eso-pic 2002/11/16 v1.1b eso-pic (RN)

(/usr/local/share/texmf/tex/latex/ms/everyshi.sty
Package: everyshi 2001/05/15 v3.00 EveryShipout Package (MS)
))
(/usr/local/share/texmf/tex/latex/pdfpages/pppdftex.def
File: pppdftex.def 2004/01/31 v0.3e Pdfpages driver for pdfTeX (AM)
)
\AM@pagebox=\box26
\AM@toc@title=\toks15
\c@AM@survey=\count92
)
(/usr/local/share/texmf/tex/latex/soul/soul.sty
Package: soul 2003/11/17 v2.4 letterspacing/underlining (mf)
\SOUL@word=\toks16
\SOUL@lasttoken=\toks17
\SOUL@cmds=\toks18
\SOUL@buffer=\toks19
\SOUL@token=\toks20
\SOUL@spaceskip=\skip45
\SOUL@ttwidth=\dimen107
\SOUL@uldp=\dimen108
\SOUL@ulht=\dimen109
) (./proceedings.aux)
\openout1 = `proceedings.aux'.

LaTeX Font Info:    Checking defaults for OML/cmm/m/it on input line 7.
LaTeX Font Info:    ... okay on input line 7.
LaTeX Font Info:    Checking defaults for T1/cmr/m/n on input line 7.
LaTeX Font Info:    ... okay on input line 7.
LaTeX Font Info:    Checking defaults for OT1/cmr/m/n on input line 7.
LaTeX Font Info:    ... okay on input line 7.
LaTeX Font Info:    Checking defaults for OMS/cmsy/m/n on input line 7.
LaTeX Font Info:    ... okay on input line 7.
LaTeX Font Info:    Checking defaults for OMX/cmex/m/n on input line 7.
LaTeX Font Info:    ... okay on input line 7.
LaTeX Font Info:    Checking defaults for U/cmr/m/n on input line 7.
LaTeX Font Info:    ... okay on input line 7.

(/usr/local/share/texmf/tex/context/base/supp-pdf.tex
(/usr/local/share/texmf/tex/context/base/supp-mis.tex
loading : Context Support Macros / Miscellaneous (2004.10.26)
\protectiondepth=\count93
\scratchcounter=\count94
\scratchtoks=\toks21
\scratchdimen=\dimen110
\scratchskip=\skip46
\scratchmuskip=\muskip10
\scratchbox=\box27
\scratchread=\read1
\scratchwrite=\write3
\zeropoint=\dimen111
\onepoint=\dimen112
\onebasepoint=\dimen113
\minusone=\count95
\thousandpoint=\dimen114
\onerealpoint=\dimen115
\emptytoks=\toks22
\nextbox=\box28
\nextdepth=\dimen116
\everyline=\toks23
\!!counta=\count96
\!!countb=\count97
\recursecounter=\count98
)
loading : Context Support Macros / PDF (2004.03.26)
\nofMPsegments=\count99
\nofMParguments=\count100
\MPscratchCnt=\count101
\MPscratchDim=\dimen117
\MPnumerator=\count102
\everyMPtoPDFconversion=\toks24
) ABD: EveryShipout initializing macros
(/usr/local/share/texmf/tex/latex/graphics/color.sty
Package: color 1999/02/16 v1.0i Standard LaTeX Color (DPC)
LaTeX Info: Redefining \color on input line 71.

(/usr/local/share/texmf/tex/latex/graphics/color.cfg
File: color.cfg 2005/02/03 v1.3 color configuration of teTeX/TeXLive
)
Package color Info: Driver file: pdftex.def on input line 125.
) [1{/usr/local/share/texmf-var/fonts/map/pdftex/updmap/pdftex.map}

] [2


]
LaTeX Font Info:    External font `cmex10' loaded for size
(Font)              <7> on input line 13.
LaTeX Font Info:    External font `cmex10' loaded for size
(Font)              <5> on input line 13.
 [3] [4

] (./introduction.ltx
Underfull \hbox (badness 10000) in paragraph at lines 1--3

 []

) [5] [6

] (./proceedings.toc [7])
\tf@toc=\write4
\openout4 = `proceedings.toc'.

 [8] [9

] [10

]
<simmons.pdf, id=63, page=1, 614.295pt x 794.97pt>
File: simmons.pdf Graphic file (type pdf)
 <use simmons.pdf, page 1>
File: simmons.pdf Graphic file (type pdf)

<use simmons.pdf, page 1>
File: simmons.pdf Graphic file (type pdf)
 <use simmons.pdf, page 1>
File: simmons.pdf Graphic file (type pdf)
 <use simmons.pdf, page 1>
File: simmons.pdf Graphic file (type pdf)

<use simmons.pdf, page 1> [11 <./simmons.pdf>]
<simmons.pdf, id=103, page=2, 614.295pt x 794.97pt>
File: simmons.pdf Graphic file (type pdf)
 <use simmons.pdf, page 2>
File: simmons.pdf Graphic file (type pdf)

<use simmons.pdf, page 2>
File: simmons.pdf Graphic file (type pdf)
 <use simmons.pdf, page 2> [12 <./simmons.pdf>]
<simmons.pdf, id=128, page=3, 614.295pt x 794.97pt>
File: simmons.pdf Graphic file (type pdf)
 <use simmons.pdf, page 3>
File: simmons.pdf Graphic file (type pdf)

<use simmons.pdf, page 3>
File: simmons.pdf Graphic file (type pdf)
 <use simmons.pdf, page 3> [13 <./simmons.pdf>]
<simmons.pdf, id=142, page=4, 614.295pt x 794.97pt>
File: simmons.pdf Graphic file (type pdf)
 <use simmons.pdf, page 4>
File: simmons.pdf Graphic file (type pdf)

<use simmons.pdf, page 4>
File: simmons.pdf Graphic file (type pdf)
 <use simmons.pdf, page 4> [14 <./simmons.pdf>]
<simmons.pdf, id=158, page=5, 614.295pt x 794.97pt>
File: simmons.pdf Graphic file (type pdf)
 <use simmons.pdf, page 5>
File: simmons.pdf Graphic file (type pdf)

<use simmons.pdf, page 5>
File: simmons.pdf Graphic file (type pdf)
 <use simmons.pdf, page 5> [15 <./simmons.pdf>]
[16

] <nlf.pdf, id=168, page=1, 614.295pt x 794.97pt>
File: nlf.pdf Graphic file (type pdf)
 <use nlf.pdf, page 1>
File: nlf.pdf Graphic file (type pdf)

<use nlf.pdf, page 1>
File: nlf.pdf Graphic file (type pdf)
 <use nlf.pdf, page 1>
File: nlf.pdf Graphic file (type pdf)
 <use nlf.pdf, page 1>
File: nlf.pdf Graphic file (type pdf)

<use nlf.pdf, page 1> [17 <./nlf.pdf>] [18

]
<main.pdf, id=208, page=1, 614.295pt x 794.97pt>
File: main.pdf Graphic file (type pdf)
 <use main.pdf, page 1>
File: main.pdf Graphic file (type pdf)

<use main.pdf, page 1>
File: main.pdf Graphic file (type pdf)
 <use main.pdf, page 1>
File: main.pdf Graphic file (type pdf)
 <use main.pdf, page 1>
File: main.pdf Graphic file (type pdf)

<use main.pdf, page 1> [19 <./main.pdf>] [20

]
<hat-calculus.pdf, id=265, page=1, 614.295pt x 794.97pt>
File: hat-calculus.pdf Graphic file (type pdf)

<use hat-calculus.pdf, page 1>
File: hat-calculus.pdf Graphic file (type pdf)
 <use hat-calculus.pdf, page 1>
File: hat-calculus.pdf Graphic file (type pdf)

<use hat-calculus.pdf, page 1>
File: hat-calculus.pdf Graphic file (type pdf)
 <use hat-calculus.pdf, page 1>
File: hat-calculus.pdf Graphic file (type pdf)

<use hat-calculus.pdf, page 1> [21 <./hat-calculus.pdf>]
<hat-calculus.pdf, id=296, page=2, 614.295pt x 794.97pt>
File: hat-calculus.pdf Graphic file (type pdf)

<use hat-calculus.pdf, page 2>
File: hat-calculus.pdf Graphic file (type pdf)
 <use hat-calculus.pdf, page 2>
File: hat-calculus.pdf Graphic file (type pdf)

<use hat-calculus.pdf, page 2> [22 <./hat-calculus.pdf>]
<hat-calculus.pdf, id=331, page=3, 614.295pt x 794.97pt>
File: hat-calculus.pdf Graphic file (type pdf)

<use hat-calculus.pdf, page 3>
File: hat-calculus.pdf Graphic file (type pdf)
 <use hat-calculus.pdf, page 3>
File: hat-calculus.pdf Graphic file (type pdf)

<use hat-calculus.pdf, page 3> [23 <./hat-calculus.pdf>]
<hat-calculus.pdf, id=336, page=4, 614.295pt x 794.97pt>
File: hat-calculus.pdf Graphic file (type pdf)

<use hat-calculus.pdf, page 4>
File: hat-calculus.pdf Graphic file (type pdf)
 <use hat-calculus.pdf, page 4>
File: hat-calculus.pdf Graphic file (type pdf)

<use hat-calculus.pdf, page 4> [24 <./hat-calculus.pdf>]
<hat-calculus.pdf, id=340, page=5, 614.295pt x 794.97pt>
File: hat-calculus.pdf Graphic file (type pdf)

<use hat-calculus.pdf, page 5>
File: hat-calculus.pdf Graphic file (type pdf)
 <use hat-calculus.pdf, page 5>
File: hat-calculus.pdf Graphic file (type pdf)

<use hat-calculus.pdf, page 5> [25 <./hat-calculus.pdf>]
<hat-calculus.pdf, id=359, page=6, 614.295pt x 794.97pt>
File: hat-calculus.pdf Graphic file (type pdf)

<use hat-calculus.pdf, page 6>
File: hat-calculus.pdf Graphic file (type pdf)
 <use hat-calculus.pdf, page 6>
File: hat-calculus.pdf Graphic file (type pdf)

<use hat-calculus.pdf, page 6> [26 <./hat-calculus.pdf>]
<notation.pdf, id=366, page=1, 614.295pt x 794.97pt>
File: notation.pdf Graphic file (type pdf)

<use notation.pdf, page 1>
File: notation.pdf Graphic file (type pdf)
 <use notation.pdf, page 1>
File: notation.pdf Graphic file (type pdf)

<use notation.pdf, page 1>
File: notation.pdf Graphic file (type pdf)
 <use notation.pdf, page 1>
File: notation.pdf Graphic file (type pdf)

<use notation.pdf, page 1> [27

 <./notation.pdf>] [28

]
<impression.pdf, id=407, page=1, 614.295pt x 794.97pt>
File: impression.pdf Graphic file (type pdf)

<use impression.pdf, page 1>
File: impression.pdf Graphic file (type pdf)
 <use impression.pdf, page 1>
File: impression.pdf Graphic file (type pdf)

<use impression.pdf, page 1>
File: impression.pdf Graphic file (type pdf)
 <use impression.pdf, page 1>
File: impression.pdf Graphic file (type pdf)

<use impression.pdf, page 1> [29 <./impression.pdf>]
<impression.pdf, id=450, page=2, 614.295pt x 794.97pt>
File: impression.pdf Graphic file (type pdf)

<use impression.pdf, page 2>
File: impression.pdf Graphic file (type pdf)
 <use impression.pdf, page 2>
File: impression.pdf Graphic file (type pdf)

<use impression.pdf, page 2> [30 <./impression.pdf>] [31

] [32

]
<ACI_Sigbovik07.pdf, id=472, page=1, 614.295pt x 794.97pt>
File: ACI_Sigbovik07.pdf Graphic file (type pdf)

<use ACI_Sigbovik07.pdf, page 1>
File: ACI_Sigbovik07.pdf Graphic file (type pdf)
 <use ACI_Sigbovik07.pdf, page 1>
File: ACI_Sigbovik07.pdf Graphic file (type pdf)

<use ACI_Sigbovik07.pdf, page 1>
File: ACI_Sigbovik07.pdf Graphic file (type pdf)
 <use ACI_Sigbovik07.pdf, page 1>
File: ACI_Sigbovik07.pdf Graphic file (type pdf)

<use ACI_Sigbovik07.pdf, page 1> [33 <./ACI_Sigbovik07.pdf>]
<ACI_Sigbovik07.pdf, id=513, page=2, 614.295pt x 794.97pt>
File: ACI_Sigbovik07.pdf Graphic file (type pdf)

<use ACI_Sigbovik07.pdf, page 2>
File: ACI_Sigbovik07.pdf Graphic file (type pdf)
 <use ACI_Sigbovik07.pdf, page 2>
File: ACI_Sigbovik07.pdf Graphic file (type pdf)

<use ACI_Sigbovik07.pdf, page 2> [34 <./ACI_Sigbovik07.pdf>]
<compost.pdf, id=521, page=1, 614.295pt x 794.97pt>
File: compost.pdf Graphic file (type pdf)
 <use compost.pdf, page 1>
File: compost.pdf Graphic file (type pdf)

<use compost.pdf, page 1>
File: compost.pdf Graphic file (type pdf)
 <use compost.pdf, page 1>
File: compost.pdf Graphic file (type pdf)
 <use compost.pdf, page 1>
File: compost.pdf Graphic file (type pdf)

<use compost.pdf, page 1> [35

 <./compost.pdf>]
<compost.pdf, id=546, page=2, 614.295pt x 794.97pt>
File: compost.pdf Graphic file (type pdf)
 <use compost.pdf, page 2>
File: compost.pdf Graphic file (type pdf)

<use compost.pdf, page 2>
File: compost.pdf Graphic file (type pdf)
 <use compost.pdf, page 2> [36 <./compost.pdf>]
<derefc.pdf, id=555, page=1, 597.50786pt x 845.04686pt>
File: derefc.pdf Graphic file (type pdf)

<use derefc.pdf, page 1>
File: derefc.pdf Graphic file (type pdf)
 <use derefc.pdf, page 1>
File: derefc.pdf Graphic file (type pdf)
 <use derefc.pdf, page 1>
File: derefc.pdf Graphic file (type pdf)

<use derefc.pdf, page 1>
File: derefc.pdf Graphic file (type pdf)
 <use derefc.pdf, page 1> [37

 <./derefc.pdf>] [38

]
<gunitx.pdf, id=587, page=1, 597.51233pt x 845.0471pt>
File: gunitx.pdf Graphic file (type pdf)

<use gunitx.pdf, page 1>
File: gunitx.pdf Graphic file (type pdf)
 <use gunitx.pdf, page 1>
File: gunitx.pdf Graphic file (type pdf)
 <use gunitx.pdf, page 1>
File: gunitx.pdf Graphic file (type pdf)

<use gunitx.pdf, page 1>
File: gunitx.pdf Graphic file (type pdf)
 <use gunitx.pdf, page 1> [39 <./gunitx.pdf>]
<gunitx.pdf, id=640, page=2, 597.51233pt x 845.0471pt>
File: gunitx.pdf Graphic file (type pdf)

<use gunitx.pdf, page 2>
File: gunitx.pdf Graphic file (type pdf)
 <use gunitx.pdf, page 2>
File: gunitx.pdf Graphic file (type pdf)
 <use gunitx.pdf, page 2>
[40 <./gunitx.pdf>] <gunitx.pdf, id=646, page=3, 597.51233pt x 845.0471pt>
File: gunitx.pdf Graphic file (type pdf)

<use gunitx.pdf, page 3>
File: gunitx.pdf Graphic file (type pdf)
 <use gunitx.pdf, page 3>
File: gunitx.pdf Graphic file (type pdf)
 <use gunitx.pdf, page 3>
[41 <./gunitx.pdf>] [42

] <theftx.pdf, id=657, page=1, 614.295pt x 794.97pt>
File: theftx.pdf Graphic file (type pdf)

<use theftx.pdf, page 1>
File: theftx.pdf Graphic file (type pdf)
 <use theftx.pdf, page 1>
File: theftx.pdf Graphic file (type pdf)
 <use theftx.pdf, page 1>
File: theftx.pdf Graphic file (type pdf)

<use theftx.pdf, page 1>
File: theftx.pdf Graphic file (type pdf)
 <use theftx.pdf, page 1> [43 <./theftx.pdf>]
<theftx.pdf, id=694, page=2, 614.295pt x 794.97pt>
File: theftx.pdf Graphic file (type pdf)
 <use theftx.pdf, page 2>
File: theftx.pdf Graphic file (type pdf)

<use theftx.pdf, page 2>
File: theftx.pdf Graphic file (type pdf)
 <use theftx.pdf, page 2> [44 <./theftx.pdf>]
<ciera.pdf, id=708, page=1, 597.50786pt x 845.04686pt>
File: ciera.pdf Graphic file (type pdf)
 <use ciera.pdf, page 1>
File: ciera.pdf Graphic file (type pdf)

<use ciera.pdf, page 1>
File: ciera.pdf Graphic file (type pdf)
 <use ciera.pdf, page 1>
File: ciera.pdf Graphic file (type pdf)
 <use ciera.pdf, page 1>
File: ciera.pdf Graphic file (type pdf)

<use ciera.pdf, page 1> [45

 <./ciera.pdf>] [46

]
<newcomer.pdf, id=748, page=1, 614.295pt x 794.97pt>
File: newcomer.pdf Graphic file (type pdf)

<use newcomer.pdf, page 1>
File: newcomer.pdf Graphic file (type pdf)
 <use newcomer.pdf, page 1>
File: newcomer.pdf Graphic file (type pdf)

<use newcomer.pdf, page 1>
File: newcomer.pdf Graphic file (type pdf)
 <use newcomer.pdf, page 1>
File: newcomer.pdf Graphic file (type pdf)

<use newcomer.pdf, page 1> [47 <./newcomer.pdf>]
<newcomer.pdf, id=763, page=2, 614.295pt x 794.97pt>
File: newcomer.pdf Graphic file (type pdf)

<use newcomer.pdf, page 2>
File: newcomer.pdf Graphic file (type pdf)
 <use newcomer.pdf, page 2>
File: newcomer.pdf Graphic file (type pdf)

<use newcomer.pdf, page 2> [48 <./newcomer.pdf>]
<newcomer.pdf, id=772, page=3, 614.295pt x 794.97pt>
File: newcomer.pdf Graphic file (type pdf)

<use newcomer.pdf, page 3>
File: newcomer.pdf Graphic file (type pdf)
 <use newcomer.pdf, page 3>
File: newcomer.pdf Graphic file (type pdf)

<use newcomer.pdf, page 3> [49 <./newcomer.pdf>]
<newcomer.pdf, id=782, page=4, 614.295pt x 794.97pt>
File: newcomer.pdf Graphic file (type pdf)

<use newcomer.pdf, page 4>
File: newcomer.pdf Graphic file (type pdf)
 <use newcomer.pdf, page 4>
File: newcomer.pdf Graphic file (type pdf)

<use newcomer.pdf, page 4> [50 <./newcomer.pdf>]
<newcomer.pdf, id=1072, page=5, 614.295pt x 794.97pt>
File: newcomer.pdf Graphic file (type pdf)

<use newcomer.pdf, page 5>
File: newcomer.pdf Graphic file (type pdf)
 <use newcomer.pdf, page 5>
File: newcomer.pdf Graphic file (type pdf)

<use newcomer.pdf, page 5> [51 <./newcomer.pdf>]
<newcomer.pdf, id=1077, page=6, 614.295pt x 794.97pt>
File: newcomer.pdf Graphic file (type pdf)

<use newcomer.pdf, page 6>
File: newcomer.pdf Graphic file (type pdf)
 <use newcomer.pdf, page 6>
File: newcomer.pdf Graphic file (type pdf)

<use newcomer.pdf, page 6> [52 <./newcomer.pdf>] [53

] [54

]
<abstracterabstracts.pdf, id=1092, page=1, 614.295pt x 794.97pt>
File: abstracterabstracts.pdf Graphic file (type pdf)

<use abstracterabstracts.pdf, page 1>
File: abstracterabstracts.pdf Graphic file (type pdf)
 <use abstracterabstracts.pdf, page 1>
File: abstracterabstracts.pdf Graphic file (type pdf)

<use abstracterabstracts.pdf, page 1>
File: abstracterabstracts.pdf Graphic file (type pdf)
 <use abstracterabstracts.pdf, page 1>
File: abstracterabstracts.pdf Graphic file (type pdf)

<use abstracterabstracts.pdf, page 1> [55 <./abstracterabstracts.pdf>] [56

]
<jcreed.pdf, id=1132, page=1, 614.295pt x 794.97pt>
File: jcreed.pdf Graphic file (type pdf)
 <use jcreed.pdf, page 1>
File: jcreed.pdf Graphic file (type pdf)

<use jcreed.pdf, page 1>
File: jcreed.pdf Graphic file (type pdf)
 <use jcreed.pdf, page 1>
File: jcreed.pdf Graphic file (type pdf)
 <use jcreed.pdf, page 1>
File: jcreed.pdf Graphic file (type pdf)

<use jcreed.pdf, page 1> [57 <./jcreed.pdf>]
<jcreed.pdf, id=1180, page=2, 614.295pt x 794.97pt>
File: jcreed.pdf Graphic file (type pdf)
 <use jcreed.pdf, page 2>
File: jcreed.pdf Graphic file (type pdf)

<use jcreed.pdf, page 2>
File: jcreed.pdf Graphic file (type pdf)
 <use jcreed.pdf, page 2> [58 <./jcreed.pdf>]
<eees.pdf, id=1188, page=1, 614.295pt x 794.97pt>
File: eees.pdf Graphic file (type pdf)
 <use eees.pdf, page 1>
File: eees.pdf Graphic file (type pdf)

<use eees.pdf, page 1>
File: eees.pdf Graphic file (type pdf)
 <use eees.pdf, page 1>
File: eees.pdf Graphic file (type pdf)
 <use eees.pdf, page 1>
File: eees.pdf Graphic file (type pdf)

<use eees.pdf, page 1> [59

 <./eees.pdf>]
<eees.pdf, id=1209, page=2, 614.295pt x 794.97pt>
File: eees.pdf Graphic file (type pdf)
 <use eees.pdf, page 2>
File: eees.pdf Graphic file (type pdf)

<use eees.pdf, page 2>
File: eees.pdf Graphic file (type pdf)
 <use eees.pdf, page 2> [60 <./eees.pdf>]
<eees.pdf, id=1220, page=3, 614.295pt x 794.97pt>
File: eees.pdf Graphic file (type pdf)
 <use eees.pdf, page 3>
File: eees.pdf Graphic file (type pdf)

<use eees.pdf, page 3>
File: eees.pdf Graphic file (type pdf)
 <use eees.pdf, page 3> [61 <./eees.pdf>]
<eees.pdf, id=1227, page=4, 614.295pt x 794.97pt>
File: eees.pdf Graphic file (type pdf)
 <use eees.pdf, page 4>
File: eees.pdf Graphic file (type pdf)

<use eees.pdf, page 4>
File: eees.pdf Graphic file (type pdf)
 <use eees.pdf, page 4> [62 <./eees.pdf>]
<sites-bowen.pdf, id=1235, page=1, 597.50786pt x 845.04686pt>
File: sites-bowen.pdf Graphic file (type pdf)

<use sites-bowen.pdf, page 1>
File: sites-bowen.pdf Graphic file (type pdf)
 <use sites-bowen.pdf, page 1>
File: sites-bowen.pdf Graphic file (type pdf)

<use sites-bowen.pdf, page 1>
File: sites-bowen.pdf Graphic file (type pdf)
 <use sites-bowen.pdf, page 1>
File: sites-bowen.pdf Graphic file (type pdf)

<use sites-bowen.pdf, page 1> [63

 <./sites-bowen.pdf>] [64

]
<typesetting.pdf, id=1262, page=1, 614.295pt x 794.97pt>
File: typesetting.pdf Graphic file (type pdf)

<use typesetting.pdf, page 1>
File: typesetting.pdf Graphic file (type pdf)
 <use typesetting.pdf, page 1>
File: typesetting.pdf Graphic file (type pdf)

<use typesetting.pdf, page 1>
File: typesetting.pdf Graphic file (type pdf)
 <use typesetting.pdf, page 1>
File: typesetting.pdf Graphic file (type pdf)

<use typesetting.pdf, page 1> [65 <./typesetting.pdf>]
<typesetting.pdf, id=1295, page=2, 614.295pt x 794.97pt>
File: typesetting.pdf Graphic file (type pdf)

<use typesetting.pdf, page 2>
File: typesetting.pdf Graphic file (type pdf)
 <use typesetting.pdf, page 2>
File: typesetting.pdf Graphic file (type pdf)

<use typesetting.pdf, page 2> [66 <./typesetting.pdf>]
<typesetting.pdf, id=1300, page=3, 614.295pt x 794.97pt>
File: typesetting.pdf Graphic file (type pdf)

<use typesetting.pdf, page 3>
File: typesetting.pdf Graphic file (type pdf)
 <use typesetting.pdf, page 3>
File: typesetting.pdf Graphic file (type pdf)

<use typesetting.pdf, page 3> [67 <./typesetting.pdf>]
<typesetting.pdf, id=1310, page=4, 614.295pt x 794.97pt>
File: typesetting.pdf Graphic file (type pdf)

<use typesetting.pdf, page 4>
File: typesetting.pdf Graphic file (type pdf)
 <use typesetting.pdf, page 4>
File: typesetting.pdf Graphic file (type pdf)

<use typesetting.pdf, page 4> [68 <./typesetting.pdf>]
<typesetting.pdf, id=1327, page=5, 614.295pt x 794.97pt>
File: typesetting.pdf Graphic file (type pdf)

<use typesetting.pdf, page 5>
File: typesetting.pdf Graphic file (type pdf)
 <use typesetting.pdf, page 5>
File: typesetting.pdf Graphic file (type pdf)

<use typesetting.pdf, page 5> [69 <./typesetting.pdf>]
<typesetting.pdf, id=1338, page=6, 614.295pt x 794.97pt>
File: typesetting.pdf Graphic file (type pdf)

<use typesetting.pdf, page 6>
File: typesetting.pdf Graphic file (type pdf)
 <use typesetting.pdf, page 6>
File: typesetting.pdf Graphic file (type pdf)

<use typesetting.pdf, page 6> [70 <./typesetting.pdf>]
<typesetting.pdf, id=1355, page=7, 614.295pt x 794.97pt>
File: typesetting.pdf Graphic file (type pdf)

<use typesetting.pdf, page 7>
File: typesetting.pdf Graphic file (type pdf)
 <use typesetting.pdf, page 7>
File: typesetting.pdf Graphic file (type pdf)

<use typesetting.pdf, page 7> [71 <./typesetting.pdf>]
<typesetting.pdf, id=1365, page=8, 614.295pt x 794.97pt>
File: typesetting.pdf Graphic file (type pdf)

<use typesetting.pdf, page 8>
File: typesetting.pdf Graphic file (type pdf)
 <use typesetting.pdf, page 8>
File: typesetting.pdf Graphic file (type pdf)

<use typesetting.pdf, page 8> [72 <./typesetting.pdf>]
<typesetting.pdf, id=1377, page=9, 614.295pt x 794.97pt>
File: typesetting.pdf Graphic file (type pdf)

<use typesetting.pdf, page 9>
File: typesetting.pdf Graphic file (type pdf)
 <use typesetting.pdf, page 9>
File: typesetting.pdf Graphic file (type pdf)

<use typesetting.pdf, page 9> [73 <./typesetting.pdf>]
<typesetting.pdf, id=1383, page=10, 614.295pt x 794.97pt>
File: typesetting.pdf Graphic file (type pdf)

<use typesetting.pdf, page 10>
File: typesetting.pdf Graphic file (type pdf)
 <use typesetting.pdf, page 10>
File: typesetting.pdf Graphic file (type pdf)

<use typesetting.pdf, page 10> [74 <./typesetting.pdf>]
<typesetting.pdf, id=1391, page=11, 614.295pt x 794.97pt>
File: typesetting.pdf Graphic file (type pdf)

<use typesetting.pdf, page 11>
File: typesetting.pdf Graphic file (type pdf)
 <use typesetting.pdf, page 11>
File: typesetting.pdf Graphic file (type pdf)

<use typesetting.pdf, page 11> [75 <./typesetting.pdf>]
<typesetting.pdf, id=1395, page=12, 614.295pt x 794.97pt>
File: typesetting.pdf Graphic file (type pdf)

<use typesetting.pdf, page 12>
File: typesetting.pdf Graphic file (type pdf)
 <use typesetting.pdf, page 12>
File: typesetting.pdf Graphic file (type pdf)

<use typesetting.pdf, page 12> [76 <./typesetting.pdf>]
<lod-finalx.pdf, id=1403, page=1, 614.295pt x 794.97pt>
File: lod-finalx.pdf Graphic file (type pdf)

<use lod-finalx.pdf, page 1>
File: lod-finalx.pdf Graphic file (type pdf)
 <use lod-finalx.pdf, page 1>
File: lod-finalx.pdf Graphic file (type pdf)

<use lod-finalx.pdf, page 1>
File: lod-finalx.pdf Graphic file (type pdf)
 <use lod-finalx.pdf, page 1>
File: lod-finalx.pdf Graphic file (type pdf)

<use lod-finalx.pdf, page 1> [77

 <./lod-finalx.pdf>]
<lod-finalx.pdf, id=1422, page=2, 614.295pt x 794.97pt>
File: lod-finalx.pdf Graphic file (type pdf)

<use lod-finalx.pdf, page 2>
File: lod-finalx.pdf Graphic file (type pdf)
 <use lod-finalx.pdf, page 2>
File: lod-finalx.pdf Graphic file (type pdf)

<use lod-finalx.pdf, page 2> [78 <./lod-finalx.pdf>]
<title-list.pdf, id=1443, page=1, 614.295pt x 794.97pt>
File: title-list.pdf Graphic file (type pdf)

<use title-list.pdf, page 1>
File: title-list.pdf Graphic file (type pdf)
 <use title-list.pdf, page 1>
File: title-list.pdf Graphic file (type pdf)

<use title-list.pdf, page 1>
File: title-list.pdf Graphic file (type pdf)
 <use title-list.pdf, page 1>
File: title-list.pdf Graphic file (type pdf)

<use title-list.pdf, page 1> [79

 <./title-list.pdf
Warning: pdflatex (file ./title-list.pdf): pdf inclusion: Page Group detected w
hich pdfTeX can't handle. Ignoring it.
>] <title-list.pdf, id=1470, page=2, 614.295pt x 794.97pt>
File: title-list.pdf Graphic file (type pdf)

<use title-list.pdf, page 2>
File: title-list.pdf Graphic file (type pdf)
 <use title-list.pdf, page 2>
File: title-list.pdf Graphic file (type pdf)

<use title-list.pdf, page 2> [80 <./title-list.pdf
Warning: pdflatex (file ./title-list.pdf): pdf inclusion: Page Group detected w
hich pdfTeX can't handle. Ignoring it.
>] <title-list.pdf, id=1475, page=3, 614.295pt x 794.97pt>
File: title-list.pdf Graphic file (type pdf)

<use title-list.pdf, page 3>
File: title-list.pdf Graphic file (type pdf)
 <use title-list.pdf, page 3>
File: title-list.pdf Graphic file (type pdf)

<use title-list.pdf, page 3> [81 <./title-list.pdf
Warning: pdflatex (file ./title-list.pdf): pdf inclusion: Page Group detected w
hich pdfTeX can't handle. Ignoring it.
>] [82

] <ideas.pdf, id=1486, page=1, 597.50786pt x 845.04686pt>
File: ideas.pdf Graphic file (type pdf)

<use ideas.pdf, page 1>
File: ideas.pdf Graphic file (type pdf)
 <use ideas.pdf, page 1>
File: ideas.pdf Graphic file (type pdf)
 <use ideas.pdf, page 1>
File: ideas.pdf Graphic file (type pdf)

<use ideas.pdf, page 1>
File: ideas.pdf Graphic file (type pdf)
 <use ideas.pdf, page 1> [83 <./ideas.pdf>] [84

]
[85] [86

] <mariox.pdf, id=1512, page=1, 597.51233pt x 845.0471pt>
File: mariox.pdf Graphic file (type pdf)

<use mariox.pdf, page 1>
File: mariox.pdf Graphic file (type pdf)
 <use mariox.pdf, page 1>
File: mariox.pdf Graphic file (type pdf)
 <use mariox.pdf, page 1>
File: mariox.pdf Graphic file (type pdf)

<use mariox.pdf, page 1>
File: mariox.pdf Graphic file (type pdf)
 <use mariox.pdf, page 1> [87 <./mariox.pdf>]
<mariox.pdf, id=1556, page=2, 597.51233pt x 845.0471pt>
File: mariox.pdf Graphic file (type pdf)

<use mariox.pdf, page 2>
File: mariox.pdf Graphic file (type pdf)
 <use mariox.pdf, page 2>
File: mariox.pdf Graphic file (type pdf)
 <use mariox.pdf, page 2>
[88 <./mariox.pdf>]
<COMPUTER_COMPUTATION.pdf, id=1600, page=1, 614.295pt x 794.97pt>
File: COMPUTER_COMPUTATION.pdf Graphic file (type pdf)

<use COMPUTER_COMPUTATION.pdf, page 1>
File: COMPUTER_COMPUTATION.pdf Graphic file (type pdf)
 <use COMPUTER_COMPUTATION.pdf, page 1>
File: COMPUTER_COMPUTATION.pdf Graphic file (type pdf)

<use COMPUTER_COMPUTATION.pdf, page 1>
File: COMPUTER_COMPUTATION.pdf Graphic file (type pdf)
 <use COMPUTER_COMPUTATION.pdf, page 1>
File: COMPUTER_COMPUTATION.pdf Graphic file (type pdf)

<use COMPUTER_COMPUTATION.pdf, page 1> [89

 <./COMPUTER_COMPUTATION.pdf
Warning: pdflatex (file ./COMPUTER_COMPUTATION.pdf): pdf inclusion: Page Group 
detected which pdfTeX can't handle. Ignoring it.
>] <COMPUTER_COMPUTATION.pdf, id=1631, page=2, 614.295pt x 794.97pt>
File: COMPUTER_COMPUTATION.pdf Graphic file (type pdf)

<use COMPUTER_COMPUTATION.pdf, page 2>
File: COMPUTER_COMPUTATION.pdf Graphic file (type pdf)
 <use COMPUTER_COMPUTATION.pdf, page 2>
File: COMPUTER_COMPUTATION.pdf Graphic file (type pdf)

<use COMPUTER_COMPUTATION.pdf, page 2> [90 <./COMPUTER_COMPUTATION.pdf
Warning: pdflatex (file ./COMPUTER_COMPUTATION.pdf): pdf inclusion: Page Group 
detected which pdfTeX can't handle. Ignoring it.
>] <COMPUTER_COMPUTATION.pdf, id=1636, page=3, 614.295pt x 794.97pt>
File: COMPUTER_COMPUTATION.pdf Graphic file (type pdf)

<use COMPUTER_COMPUTATION.pdf, page 3>
File: COMPUTER_COMPUTATION.pdf Graphic file (type pdf)
 <use COMPUTER_COMPUTATION.pdf, page 3>
File: COMPUTER_COMPUTATION.pdf Graphic file (type pdf)

<use COMPUTER_COMPUTATION.pdf, page 3> [91 <./COMPUTER_COMPUTATION.pdf
Warning: pdflatex (file ./COMPUTER_COMPUTATION.pdf): pdf inclusion: Page Group 
detected which pdfTeX can't handle. Ignoring it.
>] [92

] <robots.pdf, id=1648, page=1, 597.50786pt x 845.04686pt>
File: robots.pdf Graphic file (type pdf)

<use robots.pdf, page 1>
File: robots.pdf Graphic file (type pdf)
 <use robots.pdf, page 1>
File: robots.pdf Graphic file (type pdf)
 <use robots.pdf, page 1>
File: robots.pdf Graphic file (type pdf)

<use robots.pdf, page 1>
File: robots.pdf Graphic file (type pdf)
 <use robots.pdf, page 1> [93 <./robots.pdf>]
<robots.pdf, id=1677, page=2, 597.50786pt x 845.04686pt>
File: robots.pdf Graphic file (type pdf)

<use robots.pdf, page 2>
File: robots.pdf Graphic file (type pdf)
 <use robots.pdf, page 2>
File: robots.pdf Graphic file (type pdf)
 <use robots.pdf, page 2>
[94 <./robots.pdf>] <ttirml.pdf, id=1692, page=1, 597.50829pt x 845.0471pt>
File: ttirml.pdf Graphic file (type pdf)

<use ttirml.pdf, page 1>
File: ttirml.pdf Graphic file (type pdf)
 <use ttirml.pdf, page 1>
File: ttirml.pdf Graphic file (type pdf)
 <use ttirml.pdf, page 1>
File: ttirml.pdf Graphic file (type pdf)

<use ttirml.pdf, page 1>
File: ttirml.pdf Graphic file (type pdf)
 <use ttirml.pdf, page 1> [95

 <./ttirml.pdf>] [96

]
<stehlik.pdf, id=1736, page=1, 597.50786pt x 845.04686pt>
File: stehlik.pdf Graphic file (type pdf)

<use stehlik.pdf, page 1>
File: stehlik.pdf Graphic file (type pdf)
 <use stehlik.pdf, page 1>
File: stehlik.pdf Graphic file (type pdf)
 <use stehlik.pdf, page 1>
File: stehlik.pdf Graphic file (type pdf)

<use stehlik.pdf, page 1>
File: stehlik.pdf Graphic file (type pdf)
 <use stehlik.pdf, page 1> [97 <./stehlik.pdf>]
[98

] [99] [100

] <mcglohon1.pdf, id=1774, page=1, 597.23125pt x 845.1575pt>
File: mcglohon1.pdf Graphic file (type pdf)

<use mcglohon1.pdf, page 1>
File: mcglohon1.pdf Graphic file (type pdf)
 <use mcglohon1.pdf, page 1>
File: mcglohon1.pdf Graphic file (type pdf)

<use mcglohon1.pdf, page 1>
File: mcglohon1.pdf Graphic file (type pdf)
 <use mcglohon1.pdf, page 1>
File: mcglohon1.pdf Graphic file (type pdf)

<use mcglohon1.pdf, page 1> [101 <./mcglohon1.pdf>] [102

]
<jcreed2.pdf, id=1806, page=1, 614.295pt x 794.97pt>
File: jcreed2.pdf Graphic file (type pdf)
 <use jcreed2.pdf, page 1>
File: jcreed2.pdf Graphic file (type pdf)

<use jcreed2.pdf, page 1>
File: jcreed2.pdf Graphic file (type pdf)
 <use jcreed2.pdf, page 1>
File: jcreed2.pdf Graphic file (type pdf)
 <use jcreed2.pdf, page 1>
File: jcreed2.pdf Graphic file (type pdf)

<use jcreed2.pdf, page 1> [103 <./jcreed2.pdf>]
<jcreed2.pdf, id=1873, page=2, 614.295pt x 794.97pt>
File: jcreed2.pdf Graphic file (type pdf)
 <use jcreed2.pdf, page 2>
File: jcreed2.pdf Graphic file (type pdf)

<use jcreed2.pdf, page 2>
File: jcreed2.pdf Graphic file (type pdf)
 <use jcreed2.pdf, page 2> [104 <./jcreed2.pdf>]
<jcreed2.pdf, id=1902, page=3, 614.295pt x 794.97pt>
File: jcreed2.pdf Graphic file (type pdf)
 <use jcreed2.pdf, page 3>
File: jcreed2.pdf Graphic file (type pdf)

<use jcreed2.pdf, page 3>
File: jcreed2.pdf Graphic file (type pdf)
 <use jcreed2.pdf, page 3> [105 <./jcreed2.pdf>]
[106

] <trace.pdf, id=1919, page=1, 614.295pt x 794.97pt>
File: trace.pdf Graphic file (type pdf)

<use trace.pdf, page 1>
File: trace.pdf Graphic file (type pdf)
 <use trace.pdf, page 1>
File: trace.pdf Graphic file (type pdf)
 <use trace.pdf, page 1>
File: trace.pdf Graphic file (type pdf)

<use trace.pdf, page 1>
File: trace.pdf Graphic file (type pdf)
 <use trace.pdf, page 1> [107 <./trace.pdf>] [108

]
<mcglohon2.pdf, id=1958, page=1, 597.23125pt x 845.1575pt>
File: mcglohon2.pdf Graphic file (type pdf)

<use mcglohon2.pdf, page 1>
File: mcglohon2.pdf Graphic file (type pdf)
 <use mcglohon2.pdf, page 1>
File: mcglohon2.pdf Graphic file (type pdf)

<use mcglohon2.pdf, page 1>
File: mcglohon2.pdf Graphic file (type pdf)
 <use mcglohon2.pdf, page 1>
File: mcglohon2.pdf Graphic file (type pdf)

<use mcglohon2.pdf, page 1> [109 <./mcglohon2.pdf>]
<mcglohon2.pdf, id=1982, page=2, 597.23125pt x 845.1575pt>
File: mcglohon2.pdf Graphic file (type pdf)

<use mcglohon2.pdf, page 2>
File: mcglohon2.pdf Graphic file (type pdf)
 <use mcglohon2.pdf, page 2>
File: mcglohon2.pdf Graphic file (type pdf)

<use mcglohon2.pdf, page 2> [110 <./mcglohon2.pdf>]
<mcglohon2.pdf, id=1998, page=3, 597.23125pt x 845.1575pt>
File: mcglohon2.pdf Graphic file (type pdf)

<use mcglohon2.pdf, page 3>
File: mcglohon2.pdf Graphic file (type pdf)
 <use mcglohon2.pdf, page 3>
File: mcglohon2.pdf Graphic file (type pdf)

<use mcglohon2.pdf, page 3> [111 <./mcglohon2.pdf>]
<mcglohon2.pdf, id=2014, page=4, 597.23125pt x 845.1575pt>
File: mcglohon2.pdf Graphic file (type pdf)

<use mcglohon2.pdf, page 4>
File: mcglohon2.pdf Graphic file (type pdf)
 <use mcglohon2.pdf, page 4>
File: mcglohon2.pdf Graphic file (type pdf)

<use mcglohon2.pdf, page 4> [112 <./mcglohon2.pdf>]
<mcglohon2.pdf, id=2021, page=5, 597.23125pt x 845.1575pt>
File: mcglohon2.pdf Graphic file (type pdf)

<use mcglohon2.pdf, page 5>
File: mcglohon2.pdf Graphic file (type pdf)
 <use mcglohon2.pdf, page 5>
File: mcglohon2.pdf Graphic file (type pdf)

<use mcglohon2.pdf, page 5> [113 <./mcglohon2.pdf>]
<mcglohon2.pdf, id=2028, page=6, 597.23125pt x 845.1575pt>
File: mcglohon2.pdf Graphic file (type pdf)

<use mcglohon2.pdf, page 6>
File: mcglohon2.pdf Graphic file (type pdf)
 <use mcglohon2.pdf, page 6>
File: mcglohon2.pdf Graphic file (type pdf)

<use mcglohon2.pdf, page 6> [114 <./mcglohon2.pdf>]
<manifestadequacy.pdf, id=2035, page=1, 614.295pt x 794.97pt>
File: manifestadequacy.pdf Graphic file (type pdf)

<use manifestadequacy.pdf, page 1>
File: manifestadequacy.pdf Graphic file (type pdf)
 <use manifestadequacy.pdf, page 1>
File: manifestadequacy.pdf Graphic file (type pdf)

<use manifestadequacy.pdf, page 1>
File: manifestadequacy.pdf Graphic file (type pdf)
 <use manifestadequacy.pdf, page 1>
File: manifestadequacy.pdf Graphic file (type pdf)

<use manifestadequacy.pdf, page 1> [115

 <./manifestadequacy.pdf>]
<manifestadequacy.pdf, id=2081, page=2, 614.295pt x 794.97pt>
File: manifestadequacy.pdf Graphic file (type pdf)

<use manifestadequacy.pdf, page 2>
File: manifestadequacy.pdf Graphic file (type pdf)
 <use manifestadequacy.pdf, page 2>
File: manifestadequacy.pdf Graphic file (type pdf)

<use manifestadequacy.pdf, page 2> [116 <./manifestadequacy.pdf>]
<mcglohon3.pdf, id=2092, page=1, 597.23125pt x 845.1575pt>
File: mcglohon3.pdf Graphic file (type pdf)

<use mcglohon3.pdf, page 1>
File: mcglohon3.pdf Graphic file (type pdf)
 <use mcglohon3.pdf, page 1>
File: mcglohon3.pdf Graphic file (type pdf)

<use mcglohon3.pdf, page 1>
File: mcglohon3.pdf Graphic file (type pdf)
 <use mcglohon3.pdf, page 1>
File: mcglohon3.pdf Graphic file (type pdf)

<use mcglohon3.pdf, page 1> [117

 <./mcglohon3.pdf>]
<mcglohon3.pdf, id=2133, page=2, 597.23125pt x 845.1575pt>
File: mcglohon3.pdf Graphic file (type pdf)

<use mcglohon3.pdf, page 2>
File: mcglohon3.pdf Graphic file (type pdf)
 <use mcglohon3.pdf, page 2>
File: mcglohon3.pdf Graphic file (type pdf)

<use mcglohon3.pdf, page 2> [118 <./mcglohon3.pdf>]
<mcglohon3.pdf, id=2171, page=3, 597.23125pt x 845.1575pt>
File: mcglohon3.pdf Graphic file (type pdf)

<use mcglohon3.pdf, page 3>
File: mcglohon3.pdf Graphic file (type pdf)
 <use mcglohon3.pdf, page 3>
File: mcglohon3.pdf Graphic file (type pdf)

<use mcglohon3.pdf, page 3> [119 <./mcglohon3.pdf>] [120

]
<newjabber.pdf, id=2187, page=1, 614.295pt x 794.97pt>
File: newjabber.pdf Graphic file (type pdf)

<use newjabber.pdf, page 1>
File: newjabber.pdf Graphic file (type pdf)
 <use newjabber.pdf, page 1>
File: newjabber.pdf Graphic file (type pdf)

<use newjabber.pdf, page 1>
File: newjabber.pdf Graphic file (type pdf)
 <use newjabber.pdf, page 1>
File: newjabber.pdf Graphic file (type pdf)

<use newjabber.pdf, page 1> [121 <./newjabber.pdf>] [122

]
<ghannema.pdf, id=2219, page=1, 614.295pt x 794.97pt>
File: ghannema.pdf Graphic file (type pdf)

<use ghannema.pdf, page 1>
File: ghannema.pdf Graphic file (type pdf)
 <use ghannema.pdf, page 1>
File: ghannema.pdf Graphic file (type pdf)

<use ghannema.pdf, page 1>
File: ghannema.pdf Graphic file (type pdf)
 <use ghannema.pdf, page 1>
File: ghannema.pdf Graphic file (type pdf)

<use ghannema.pdf, page 1> [123 <./ghannema.pdf>]
<ghannema.pdf, id=2269, page=2, 614.295pt x 794.97pt>
File: ghannema.pdf Graphic file (type pdf)

<use ghannema.pdf, page 2>
File: ghannema.pdf Graphic file (type pdf)
 <use ghannema.pdf, page 2>
File: ghannema.pdf Graphic file (type pdf)

<use ghannema.pdf, page 2> [124 <./ghannema.pdf>]
<ghannema.pdf, id=2289, page=3, 614.295pt x 794.97pt>
File: ghannema.pdf Graphic file (type pdf)

<use ghannema.pdf, page 3>
File: ghannema.pdf Graphic file (type pdf)
 <use ghannema.pdf, page 3>
File: ghannema.pdf Graphic file (type pdf)

<use ghannema.pdf, page 3> [125 <./ghannema.pdf>] [126

]
<wikiplia.pdf, id=2299, page=1, 614.295pt x 794.97pt>
File: wikiplia.pdf Graphic file (type pdf)

<use wikiplia.pdf, page 1>
File: wikiplia.pdf Graphic file (type pdf)
 <use wikiplia.pdf, page 1>
File: wikiplia.pdf Graphic file (type pdf)

<use wikiplia.pdf, page 1>
File: wikiplia.pdf Graphic file (type pdf)
 <use wikiplia.pdf, page 1>
File: wikiplia.pdf Graphic file (type pdf)

<use wikiplia.pdf, page 1> [127 <./wikiplia.pdf>]
<wikiplia.pdf, id=2397, page=2, 614.295pt x 794.97pt>
File: wikiplia.pdf Graphic file (type pdf)

<use wikiplia.pdf, page 2>
File: wikiplia.pdf Graphic file (type pdf)
 <use wikiplia.pdf, page 2>
File: wikiplia.pdf Graphic file (type pdf)

<use wikiplia.pdf, page 2> [128 <./wikiplia.pdf>]
<wikiplia.pdf, id=2427, page=3, 614.295pt x 794.97pt>
File: wikiplia.pdf Graphic file (type pdf)

<use wikiplia.pdf, page 3>
File: wikiplia.pdf Graphic file (type pdf)
 <use wikiplia.pdf, page 3>
File: wikiplia.pdf Graphic file (type pdf)

<use wikiplia.pdf, page 3> [129 <./wikiplia.pdf>]
<wikiplia.pdf, id=2431, page=4, 614.295pt x 794.97pt>
File: wikiplia.pdf Graphic file (type pdf)

<use wikiplia.pdf, page 4>
File: wikiplia.pdf Graphic file (type pdf)
 <use wikiplia.pdf, page 4>
File: wikiplia.pdf Graphic file (type pdf)

<use wikiplia.pdf, page 4> [130 <./wikiplia.pdf>]
<wikiplia.pdf, id=2439, page=5, 614.295pt x 794.97pt>
File: wikiplia.pdf Graphic file (type pdf)

<use wikiplia.pdf, page 5>
File: wikiplia.pdf Graphic file (type pdf)
 <use wikiplia.pdf, page 5>
File: wikiplia.pdf Graphic file (type pdf)

<use wikiplia.pdf, page 5> [131 <./wikiplia.pdf>]
<wikiplia.pdf, id=2450, page=6, 614.295pt x 794.97pt>
File: wikiplia.pdf Graphic file (type pdf)

<use wikiplia.pdf, page 6>
File: wikiplia.pdf Graphic file (type pdf)
 <use wikiplia.pdf, page 6>
File: wikiplia.pdf Graphic file (type pdf)

<use wikiplia.pdf, page 6> [132 <./wikiplia.pdf>]
<wikiplia.pdf, id=2462, page=7, 614.295pt x 794.97pt>
File: wikiplia.pdf Graphic file (type pdf)

<use wikiplia.pdf, page 7>
File: wikiplia.pdf Graphic file (type pdf)
 <use wikiplia.pdf, page 7>
File: wikiplia.pdf Graphic file (type pdf)

<use wikiplia.pdf, page 7> [133 <./wikiplia.pdf>]
<wikiplia.pdf, id=2467, page=8, 614.295pt x 794.97pt>
File: wikiplia.pdf Graphic file (type pdf)

<use wikiplia.pdf, page 8>
File: wikiplia.pdf Graphic file (type pdf)
 <use wikiplia.pdf, page 8>
File: wikiplia.pdf Graphic file (type pdf)

<use wikiplia.pdf, page 8> [134 <./wikiplia.pdf>]
<wikiplia.pdf, id=2471, page=9, 614.295pt x 794.97pt>
File: wikiplia.pdf Graphic file (type pdf)

<use wikiplia.pdf, page 9>
File: wikiplia.pdf Graphic file (type pdf)
 <use wikiplia.pdf, page 9>
File: wikiplia.pdf Graphic file (type pdf)

<use wikiplia.pdf, page 9> [135 <./wikiplia.pdf>]
<wikiplia.pdf, id=2480, page=10, 614.295pt x 794.97pt>
File: wikiplia.pdf Graphic file (type pdf)

<use wikiplia.pdf, page 10>
File: wikiplia.pdf Graphic file (type pdf)
 <use wikiplia.pdf, page 10>
File: wikiplia.pdf Graphic file (type pdf)

<use wikiplia.pdf, page 10> [136 <./wikiplia.pdf>]
<wikiplia.pdf, id=2489, page=11, 614.295pt x 794.97pt>
File: wikiplia.pdf Graphic file (type pdf)

<use wikiplia.pdf, page 11>
File: wikiplia.pdf Graphic file (type pdf)
 <use wikiplia.pdf, page 11>
File: wikiplia.pdf Graphic file (type pdf)

<use wikiplia.pdf, page 11> [137 <./wikiplia.pdf>]
<wikiplia.pdf, id=2493, page=12, 614.295pt x 794.97pt>
File: wikiplia.pdf Graphic file (type pdf)

<use wikiplia.pdf, page 12>
File: wikiplia.pdf Graphic file (type pdf)
 <use wikiplia.pdf, page 12>
File: wikiplia.pdf Graphic file (type pdf)

<use wikiplia.pdf, page 12> [138 <./wikiplia.pdf>]
<wikiplia.pdf, id=2497, page=13, 614.295pt x 794.97pt>
File: wikiplia.pdf Graphic file (type pdf)

<use wikiplia.pdf, page 13>
File: wikiplia.pdf Graphic file (type pdf)
 <use wikiplia.pdf, page 13>
File: wikiplia.pdf Graphic file (type pdf)

<use wikiplia.pdf, page 13> [139 <./wikiplia.pdf>] [140

] [141] [142

]
<comics.pdf, id=2514, page=1, 614.295pt x 794.97pt>
File: comics.pdf Graphic file (type pdf)
 <use comics.pdf, page 1>
File: comics.pdf Graphic file (type pdf)

<use comics.pdf, page 1>
File: comics.pdf Graphic file (type pdf)
 <use comics.pdf, page 1>
File: comics.pdf Graphic file (type pdf)
 <use comics.pdf, page 1>
File: comics.pdf Graphic file (type pdf)

<use comics.pdf, page 1> [143 <./comics.pdf>] [144

]
<notes.pdf, id=2532, page=1, 614.295pt x 794.97pt>
File: notes.pdf Graphic file (type pdf)
 <use notes.pdf, page 1>
File: notes.pdf Graphic file (type pdf)

<use notes.pdf, page 1>
File: notes.pdf Graphic file (type pdf)
 <use notes.pdf, page 1>
File: notes.pdf Graphic file (type pdf)
 <use notes.pdf, page 1>
File: notes.pdf Graphic file (type pdf)

<use notes.pdf, page 1> [145 <./notes.pdf>] [146


] (./proceedings.aux) ) 
Here is how much of TeX's memory you used:
 2176 strings out of 94500
 30872 string characters out of 1175788
 79710 words of memory out of 1000000
 5283 multiletter control sequences out of 10000+50000
 21027 words of font info for 62 fonts, out of 500000 for 2000
 580 hyphenation exceptions out of 1000
 32i,16n,37p,230b,385s stack positions out of 1500i,500n,5000p,200000b,5000s
PDF statistics:
 2551 PDF objects out of 300000
 0 named destinations out of 131072
 1071 words of extra memory for PDF output out of 65536
</usr/local/share/texmf/fonts/type1/bluesky/cm/cmss8.pfb
></usr/local/share/texmf/fonts/type1/bluesky/cm/cmmib10.pfb></usr/local/share/t
exmf/fonts/type1/bluesky/cm/cmmi5.pfb></usr/local/share/texmf/fonts/type1/blues
ky/cm/cmbsy10.pfb></usr/local/share/texmf/fonts/type1/bluesky/cm/cmti7.pfb></us
r/local/share/texmf/fonts/type1/bluesky/cm/cmr5.pfb></usr/local/share/texmf/fon
ts/type1/bluesky/cm/cmu10.pfb></usr/local/share/texmf/fonts/type1/bluesky/cm/cm
mi12.pfb></usr/local/share/texmf/fonts/type1/bluesky/cm/cmmi9.pfb></usr/local/s
hare/texmf/fonts/type1/bluesky/cm/cmmi6.pfb></usr/local/share/texmf/fonts/type1
/bluesky/cm/cmss9.pfb></usr/local/share/texmf/fonts/type1/bluesky/cm/cmsy7.pfb>
</usr/local/share/texmf/fonts/type1/bluesky/cm/cmtt9.pfb></usr/local/share/texm
f/fonts/type1/bluesky/cm/cmti8.pfb></usr/local/share/texmf/fonts/type1/bluesky/
latex/lasy10.pfb></usr/local/share/texmf/fonts/type1/bluesky/cm/cmti12.pfb></us
r/local/share/texmf/fonts/type1/bluesky/cm/cmbx8.pfb></usr/local/share/texmf/fo
nts/type1/bluesky/cm/cmtt12.pfb></usr/local/share/texmf/fonts/type1/bluesky/cm/
cmex10.pfb></usr/local/share/texmf/fonts/type1/bluesky/symbols/msbm10.pfb></usr
/local/share/texmf/fonts/type1/bluesky/euler/eufm10.pfb></usr/local/share/texmf
/fonts/type1/bluesky/euler/eufm7.pfb></usr/local/share/texmf/fonts/type1/bluesk
y/cm/cmsy9.pfb></usr/local/share/texmf/fonts/type1/bluesky/cm/cmr6.pfb></usr/lo
cal/share/texmf/fonts/type1/bluesky/cm/cmbx9.pfb></usr/local/share/texmf/fonts/
type1/urw/times/utmri8a.pfb></usr/local/share/texmf/fonts/type1/urw/times/utmr8
a.pfb></usr/local/share/texmf/fonts/type1/urw/times/utmb8a.pfb></usr/local/shar
e/texmf/fonts/type1/bluesky/cm/cmmi8.pfb></usr/local/share/texmf/fonts/type1/bl
uesky/cm/cmr8.pfb></usr/local/share/texmf/fonts/type1/bluesky/cm/cmtt8.pfb></us
r/local/share/texmf/fonts/type1/bluesky/cm/cmr7.pfb></usr/local/share/texmf/fon
ts/type1/bluesky/cm/cmsy5.pfb></usr/local/share/texmf/fonts/type1/bluesky/cm/cm
ti9.pfb></usr/local/share/texmf/fonts/type1/bluesky/cm/cmr9.pfb></usr/local/sha
re/texmf/fonts/type1/bluesky/cm/cmr17.pfb></usr/local/share/texmf/fonts/type1/b
luesky/cm/cmr12.pfb></usr/local/share/texmf/fonts/type1/public/marvosym/marvosy
m.pfb></usr/local/share/texmf/fonts/type1/bluesky/symbols/msam10.pfb></usr/loca
l/share/texmf/fonts/type1/urw/courier/ucrr8a.pfb></usr/local/share/texmf/fonts/
type1/bluesky/cm/cmmi10.pfb></usr/local/share/texmf/fonts/type1/bluesky/cm/cmsy
10.pfb></usr/local/share/texmf/fonts/type1/bluesky/cm/cmsy6.pfb></usr/local/sha
re/texmf/fonts/type1/urw/palatino/uplri8a.pfb></usr/local/share/texmf/fonts/typ
e1/urw/palatino/uplb8a.pfb></usr/local/share/texmf/fonts/type1/bluesky/cm/cmsy8
.pfb></usr/local/share/texmf/fonts/type1/urw/palatino/uplr8a.pfb></usr/local/sh
are/texmf/fonts/type1/bluesky/cm/cmsl10.pfb></usr/local/share/texmf/fonts/type1
/bluesky/cm/cmbx10.pfb></usr/local/share/texmf/fonts/type1/bluesky/cm/cmti10.pf
b></usr/local/share/texmf/fonts/type1/bluesky/cm/cmbx12.pfb></usr/local/share/t
exmf/fonts/type1/bluesky/cm/cmtt10.pfb></usr/local/share/texmf/fonts/type1/blue
sky/cm/cmmi7.pfb></usr/local/share/texmf/fonts/type1/bluesky/cm/cmss10.pfb></us
r/local/share/texmf/fonts/type1/bluesky/cm/cmssbx10.pfb></usr/local/share/texmf
/fonts/type1/bluesky/cm/cmr10.pfb>
Output written on proceedings.pdf (146 pages, 5531327 bytes).
